[ 2019-03-28T09:05:07+08:00 ] 127.0.0.1 /index.php/Home/Index/index
INFO: [ app_init ] --START--
INFO: Run Behavior\BuildLiteBehavior [ RunTime:0.000000s ]
INFO: [ app_init ] --END-- [ RunTime:0.000976s ]
INFO: [ app_begin ] --START--
INFO: Run Behavior\ReadHtmlCacheBehavior [ RunTime:0.000977s ]
INFO: [ app_begin ] --END-- [ RunTime:0.000977s ]
NOTIC: [2048] Declaration of Home\Controller\IndexController::show() should be compatible with Think\Controller::show($content, $charset = '', $contentType = '', $prefix = '') D:\WWW\open\Application\Home\Controller\IndexController.class.php 第 113 行.
NOTIC: [8] Undefined index: uname D:\WWW\open\Application\Home\Controller\IndexController.class.php 第 7 行.
NOTIC: [8] Undefined index: upwd D:\WWW\open\Application\Home\Controller\IndexController.class.php 第 8 行.
SQL: SHOW COLUMNS FROM `user` [ RunTime:0.0420s ]
INFO: [ view_parse ] --START--
INFO: Run Behavior\ParseTemplateBehavior [ RunTime:0.007812s ]
INFO: [ view_parse ] --END-- [ RunTime:0.007812s ]
INFO: [ view_filter ] --START--
INFO: Run Behavior\WriteHtmlCacheBehavior [ RunTime:0.000000s ]
INFO: [ view_filter ] --END-- [ RunTime:0.000000s ]
INFO: [ app_end ] --START--
INFO: Run Behavior\ShowPageTraceBehavior [ RunTime:0.000977s ]
INFO: [ app_end ] --END-- [ RunTime:0.000977s ]

[ 2019-03-28T09:05:17+08:00 ] 127.0.0.1 /index.php/Home/demo/demo
INFO: [ app_init ] --START--
INFO: Run Behavior\BuildLiteBehavior [ RunTime:0.000000s ]
INFO: [ app_init ] --END-- [ RunTime:0.000976s ]
INFO: [ app_begin ] --START--
INFO: Run Behavior\ReadHtmlCacheBehavior [ RunTime:0.000000s ]
INFO: [ app_begin ] --END-- [ RunTime:0.000000s ]
SQL: SHOW COLUMNS FROM `user` [ RunTime:0.0332s ]
NOTIC: [8] Undefined variable: data D:\WWW\open\Application\Home\Controller\DemoController.class.php 第 15 行.
SQL: SELECT * FROM `user`  [ RunTime:0.0332s ]
INFO: [ view_parse ] --START--
NOTIC: [8] Undefined index: Think D:\WWW\open\Application\Runtime\Cache\d89e0a7ad525248190c8eb60b41346189f44f73e.file.demo.html.php 第 42 行.
NOTIC: [8] Trying to get property of non-object D:\WWW\open\Application\Runtime\Cache\d89e0a7ad525248190c8eb60b41346189f44f73e.file.demo.html.php 第 42 行.
NOTIC: [8] Undefined index: sql D:\WWW\open\Application\Runtime\Cache\d89e0a7ad525248190c8eb60b41346189f44f73e.file.demo.html.php 第 62 行.
NOTIC: [8] Trying to get property of non-object D:\WWW\open\Application\Runtime\Cache\d89e0a7ad525248190c8eb60b41346189f44f73e.file.demo.html.php 第 62 行.
INFO: Run Behavior\ParseTemplateBehavior [ RunTime:0.041016s ]
INFO: [ view_parse ] --END-- [ RunTime:0.041016s ]
INFO: [ view_filter ] --START--
INFO: Run Behavior\WriteHtmlCacheBehavior [ RunTime:0.000977s ]
INFO: [ view_filter ] --END-- [ RunTime:0.000977s ]
INFO: [ app_end ] --START--
INFO: Run Behavior\ShowPageTraceBehavior [ RunTime:0.000000s ]
INFO: [ app_end ] --END-- [ RunTime:0.000000s ]

[ 2019-03-28T09:06:04+08:00 ] 127.0.0.1 /index.php/Home/demo/demo
INFO: [ app_init ] --START--
INFO: Run Behavior\BuildLiteBehavior [ RunTime:0.000000s ]
INFO: [ app_init ] --END-- [ RunTime:0.000000s ]
INFO: [ app_begin ] --START--
INFO: Run Behavior\ReadHtmlCacheBehavior [ RunTime:0.000977s ]
INFO: [ app_begin ] --END-- [ RunTime:0.000977s ]
SQL: SHOW COLUMNS FROM `user` [ RunTime:0.0361s ]
NOTIC: [8] Undefined variable: data D:\WWW\open\Application\Home\Controller\DemoController.class.php 第 15 行.
SQL: SELECT * FROM `user`  [ RunTime:0.0361s ]
INFO: [ view_parse ] --START--
NOTIC: [8] Undefined index: Think D:\WWW\open\Application\Runtime\Cache\d89e0a7ad525248190c8eb60b41346189f44f73e.file.demo.html.php 第 42 行.
NOTIC: [8] Trying to get property of non-object D:\WWW\open\Application\Runtime\Cache\d89e0a7ad525248190c8eb60b41346189f44f73e.file.demo.html.php 第 42 行.
NOTIC: [8] Undefined index: sql D:\WWW\open\Application\Runtime\Cache\d89e0a7ad525248190c8eb60b41346189f44f73e.file.demo.html.php 第 62 行.
NOTIC: [8] Trying to get property of non-object D:\WWW\open\Application\Runtime\Cache\d89e0a7ad525248190c8eb60b41346189f44f73e.file.demo.html.php 第 62 行.
INFO: Run Behavior\ParseTemplateBehavior [ RunTime:0.008789s ]
INFO: [ view_parse ] --END-- [ RunTime:0.008789s ]
INFO: [ view_filter ] --START--
INFO: Run Behavior\WriteHtmlCacheBehavior [ RunTime:0.000000s ]
INFO: [ view_filter ] --END-- [ RunTime:0.000000s ]
INFO: [ app_end ] --START--
INFO: Run Behavior\ShowPageTraceBehavior [ RunTime:0.000977s ]
INFO: [ app_end ] --END-- [ RunTime:0.000977s ]

[ 2019-03-28T09:15:12+08:00 ] 127.0.0.1 /index.php/Home/demo/demo
INFO: [ app_init ] --START--
INFO: Run Behavior\BuildLiteBehavior [ RunTime:0.000000s ]
INFO: [ app_init ] --END-- [ RunTime:0.000000s ]
INFO: [ app_begin ] --START--
INFO: Run Behavior\ReadHtmlCacheBehavior [ RunTime:0.000000s ]
INFO: [ app_begin ] --END-- [ RunTime:0.000976s ]
SQL: SHOW COLUMNS FROM `user` [ RunTime:0.0420s ]
NOTIC: [8] Undefined variable: data D:\WWW\open\Application\Home\Controller\DemoController.class.php 第 15 行.
SQL: SELECT * FROM `user`  [ RunTime:0.0410s ]
INFO: [ view_parse ] --START--
NOTIC: [8] Undefined index: Think D:\WWW\open\Application\Runtime\Cache\d89e0a7ad525248190c8eb60b41346189f44f73e.file.demo.html.php 第 42 行.
NOTIC: [8] Trying to get property of non-object D:\WWW\open\Application\Runtime\Cache\d89e0a7ad525248190c8eb60b41346189f44f73e.file.demo.html.php 第 42 行.
NOTIC: [8] Undefined index: sql D:\WWW\open\Application\Runtime\Cache\d89e0a7ad525248190c8eb60b41346189f44f73e.file.demo.html.php 第 62 行.
NOTIC: [8] Trying to get property of non-object D:\WWW\open\Application\Runtime\Cache\d89e0a7ad525248190c8eb60b41346189f44f73e.file.demo.html.php 第 62 行.
INFO: Run Behavior\ParseTemplateBehavior [ RunTime:0.008789s ]
INFO: [ view_parse ] --END-- [ RunTime:0.008789s ]
INFO: [ view_filter ] --START--
INFO: Run Behavior\WriteHtmlCacheBehavior [ RunTime:0.000000s ]
INFO: [ view_filter ] --END-- [ RunTime:0.000000s ]
INFO: [ app_end ] --START--
INFO: Run Behavior\ShowPageTraceBehavior [ RunTime:0.000000s ]
INFO: [ app_end ] --END-- [ RunTime:0.000000s ]

[ 2019-03-28T09:15:38+08:00 ] 127.0.0.1 /index.php/Home/demo/demo
INFO: [ app_init ] --START--
INFO: Run Behavior\BuildLiteBehavior [ RunTime:0.000000s ]
INFO: [ app_init ] --END-- [ RunTime:0.000000s ]
INFO: [ app_begin ] --START--
INFO: Run Behavior\ReadHtmlCacheBehavior [ RunTime:0.000000s ]
INFO: [ app_begin ] --END-- [ RunTime:0.000000s ]
SQL: SHOW COLUMNS FROM `user` [ RunTime:0.0361s ]
NOTIC: [8] Undefined variable: data D:\WWW\open\Application\Home\Controller\DemoController.class.php 第 15 行.
SQL: SELECT * FROM `user`  [ RunTime:0.0371s ]
INFO: [ view_parse ] --START--
NOTIC: [8] Undefined index: Think D:\WWW\open\Application\Runtime\Cache\d89e0a7ad525248190c8eb60b41346189f44f73e.file.demo.html.php 第 42 行.
NOTIC: [8] Trying to get property of non-object D:\WWW\open\Application\Runtime\Cache\d89e0a7ad525248190c8eb60b41346189f44f73e.file.demo.html.php 第 42 行.
NOTIC: [8] Undefined index: sql D:\WWW\open\Application\Runtime\Cache\d89e0a7ad525248190c8eb60b41346189f44f73e.file.demo.html.php 第 62 行.
NOTIC: [8] Trying to get property of non-object D:\WWW\open\Application\Runtime\Cache\d89e0a7ad525248190c8eb60b41346189f44f73e.file.demo.html.php 第 62 行.
INFO: Run Behavior\ParseTemplateBehavior [ RunTime:0.008790s ]
INFO: [ view_parse ] --END-- [ RunTime:0.008790s ]
INFO: [ view_filter ] --START--
INFO: Run Behavior\WriteHtmlCacheBehavior [ RunTime:0.000000s ]
INFO: [ view_filter ] --END-- [ RunTime:0.000976s ]
INFO: [ app_end ] --START--
INFO: Run Behavior\ShowPageTraceBehavior [ RunTime:0.000000s ]
INFO: [ app_end ] --END-- [ RunTime:0.000000s ]

[ 2019-03-28T09:17:53+08:00 ] 127.0.0.1 /index.php/Home/demo/demo
INFO: [ app_init ] --START--
INFO: Run Behavior\BuildLiteBehavior [ RunTime:0.000000s ]
INFO: [ app_init ] --END-- [ RunTime:0.000000s ]
INFO: [ app_begin ] --START--
INFO: Run Behavior\ReadHtmlCacheBehavior [ RunTime:0.000976s ]
INFO: [ app_begin ] --END-- [ RunTime:0.000976s ]
SQL: SHOW COLUMNS FROM `user` [ RunTime:0.0410s ]
NOTIC: [8] Undefined variable: data D:\WWW\open\Application\Home\Controller\DemoController.class.php 第 15 行.
SQL: SELECT * FROM `user`  [ RunTime:0.0371s ]
INFO: [ view_parse ] --START--
NOTIC: [8] Undefined index: Think D:\WWW\open\Application\Runtime\Cache\d89e0a7ad525248190c8eb60b41346189f44f73e.file.demo.html.php 第 42 行.
NOTIC: [8] Trying to get property of non-object D:\WWW\open\Application\Runtime\Cache\d89e0a7ad525248190c8eb60b41346189f44f73e.file.demo.html.php 第 42 行.
NOTIC: [8] Undefined index: sql D:\WWW\open\Application\Runtime\Cache\d89e0a7ad525248190c8eb60b41346189f44f73e.file.demo.html.php 第 62 行.
NOTIC: [8] Trying to get property of non-object D:\WWW\open\Application\Runtime\Cache\d89e0a7ad525248190c8eb60b41346189f44f73e.file.demo.html.php 第 62 行.
INFO: Run Behavior\ParseTemplateBehavior [ RunTime:0.010742s ]
INFO: [ view_parse ] --END-- [ RunTime:0.010742s ]
INFO: [ view_filter ] --START--
INFO: Run Behavior\WriteHtmlCacheBehavior [ RunTime:0.000000s ]
INFO: [ view_filter ] --END-- [ RunTime:0.000000s ]
INFO: [ app_end ] --START--
INFO: Run Behavior\ShowPageTraceBehavior [ RunTime:0.000977s ]
INFO: [ app_end ] --END-- [ RunTime:0.000977s ]

[ 2019-03-28T09:18:27+08:00 ] 127.0.0.1 /index.php/Home/demo/demo
INFO: [ app_init ] --START--
INFO: Run Behavior\BuildLiteBehavior [ RunTime:0.000000s ]
INFO: [ app_init ] --END-- [ RunTime:0.000976s ]
INFO: [ app_begin ] --START--
INFO: Run Behavior\ReadHtmlCacheBehavior [ RunTime:0.000000s ]
INFO: [ app_begin ] --END-- [ RunTime:0.000000s ]
SQL: SHOW COLUMNS FROM `user` [ RunTime:0.0371s ]
NOTIC: [8] Undefined variable: data D:\WWW\open\Application\Home\Controller\DemoController.class.php 第 15 行.
SQL: SELECT * FROM `user`  [ RunTime:0.0361s ]
INFO: [ view_parse ] --START--
NOTIC: [8] Undefined index: Think D:\WWW\open\Application\Runtime\Cache\d89e0a7ad525248190c8eb60b41346189f44f73e.file.demo.html.php 第 42 行.
NOTIC: [8] Trying to get property of non-object D:\WWW\open\Application\Runtime\Cache\d89e0a7ad525248190c8eb60b41346189f44f73e.file.demo.html.php 第 42 行.
NOTIC: [8] Undefined index: sql D:\WWW\open\Application\Runtime\Cache\d89e0a7ad525248190c8eb60b41346189f44f73e.file.demo.html.php 第 62 行.
NOTIC: [8] Trying to get property of non-object D:\WWW\open\Application\Runtime\Cache\d89e0a7ad525248190c8eb60b41346189f44f73e.file.demo.html.php 第 62 行.
INFO: Run Behavior\ParseTemplateBehavior [ RunTime:0.041992s ]
INFO: [ view_parse ] --END-- [ RunTime:0.041992s ]
INFO: [ view_filter ] --START--
INFO: Run Behavior\WriteHtmlCacheBehavior [ RunTime:0.000977s ]
INFO: [ view_filter ] --END-- [ RunTime:0.000977s ]
INFO: [ app_end ] --START--
INFO: Run Behavior\ShowPageTraceBehavior [ RunTime:0.000000s ]
INFO: [ app_end ] --END-- [ RunTime:0.000000s ]

[ 2019-03-28T09:19:44+08:00 ] 127.0.0.1 /index.php/Home/demo/demo
INFO: [ app_init ] --START--
INFO: Run Behavior\BuildLiteBehavior [ RunTime:0.000000s ]
INFO: [ app_init ] --END-- [ RunTime:0.000977s ]
INFO: [ app_begin ] --START--
INFO: Run Behavior\ReadHtmlCacheBehavior [ RunTime:0.000977s ]
INFO: [ app_begin ] --END-- [ RunTime:0.000977s ]
SQL: SHOW COLUMNS FROM `user` [ RunTime:0.0371s ]
NOTIC: [8] Undefined variable: data D:\WWW\open\Application\Home\Controller\DemoController.class.php 第 15 行.
SQL: SELECT * FROM `user`  [ RunTime:0.0361s ]
INFO: [ view_parse ] --START--
NOTIC: [8] Undefined index: Think D:\WWW\open\Application\Runtime\Cache\d89e0a7ad525248190c8eb60b41346189f44f73e.file.demo.html.php 第 42 行.
NOTIC: [8] Trying to get property of non-object D:\WWW\open\Application\Runtime\Cache\d89e0a7ad525248190c8eb60b41346189f44f73e.file.demo.html.php 第 42 行.
NOTIC: [8] Undefined index: sql D:\WWW\open\Application\Runtime\Cache\d89e0a7ad525248190c8eb60b41346189f44f73e.file.demo.html.php 第 62 行.
NOTIC: [8] Trying to get property of non-object D:\WWW\open\Application\Runtime\Cache\d89e0a7ad525248190c8eb60b41346189f44f73e.file.demo.html.php 第 62 行.
INFO: Run Behavior\ParseTemplateBehavior [ RunTime:0.007813s ]
INFO: [ view_parse ] --END-- [ RunTime:0.007813s ]
INFO: [ view_filter ] --START--
INFO: Run Behavior\WriteHtmlCacheBehavior [ RunTime:0.000000s ]
INFO: [ view_filter ] --END-- [ RunTime:0.000000s ]
INFO: [ app_end ] --START--
INFO: Run Behavior\ShowPageTraceBehavior [ RunTime:0.000976s ]
INFO: [ app_end ] --END-- [ RunTime:0.000976s ]

