[ 2019-03-27T18:00:49+08:00 ] 127.0.0.1 /index.php/Home/Index/index
INFO: [ app_init ] --START--
INFO: Run Behavior\BuildLiteBehavior [ RunTime:0.000000s ]
INFO: [ app_init ] --END-- [ RunTime:0.000000s ]
INFO: [ app_begin ] --START--
INFO: Run Behavior\ReadHtmlCacheBehavior [ RunTime:0.000977s ]
INFO: [ app_begin ] --END-- [ RunTime:0.000977s ]
NOTIC: [2048] Declaration of Home\Controller\IndexController::show() should be compatible with Think\Controller::show($content, $charset = '', $contentType = '', $prefix = '') D:\WWW\open\Application\Home\Controller\IndexController.class.php 第 113 行.
NOTIC: [8] Undefined index: uname D:\WWW\open\Application\Home\Controller\IndexController.class.php 第 7 行.
NOTIC: [8] Undefined index: upwd D:\WWW\open\Application\Home\Controller\IndexController.class.php 第 8 行.
SQL: SHOW COLUMNS FROM `user` [ RunTime:0.0400s ]
INFO: [ view_parse ] --START--
INFO: Run Behavior\ParseTemplateBehavior [ RunTime:0.035156s ]
INFO: [ view_parse ] --END-- [ RunTime:0.035156s ]
INFO: [ view_filter ] --START--
INFO: Run Behavior\WriteHtmlCacheBehavior [ RunTime:0.000000s ]
INFO: [ view_filter ] --END-- [ RunTime:0.000000s ]
INFO: [ app_end ] --START--
INFO: Run Behavior\ShowPageTraceBehavior [ RunTime:0.000000s ]
INFO: [ app_end ] --END-- [ RunTime:0.000000s ]

[ 2019-03-27T18:00:55+08:00 ] 127.0.0.1 /index.php/Home/demo/index
INFO: [ app_init ] --START--
INFO: Run Behavior\BuildLiteBehavior [ RunTime:0.000000s ]
INFO: [ app_init ] --END-- [ RunTime:0.000000s ]
INFO: [ app_begin ] --START--
INFO: Run Behavior\ReadHtmlCacheBehavior [ RunTime:0.000000s ]
INFO: [ app_begin ] --END-- [ RunTime:0.000000s ]
INFO: [ app_end ] --START--
INFO: Run Behavior\ShowPageTraceBehavior [ RunTime:0.000000s ]
INFO: [ app_end ] --END-- [ RunTime:0.000000s ]

[ 2019-03-27T18:00:59+08:00 ] 127.0.0.1 /index.php/Home/demo/demo
INFO: [ app_init ] --START--
INFO: Run Behavior\BuildLiteBehavior [ RunTime:0.000000s ]
INFO: [ app_init ] --END-- [ RunTime:0.000000s ]
INFO: [ app_begin ] --START--
INFO: Run Behavior\ReadHtmlCacheBehavior [ RunTime:0.000977s ]
INFO: [ app_begin ] --END-- [ RunTime:0.000977s ]
SQL: SHOW COLUMNS FROM `user` [ RunTime:0.0420s ]
NOTIC: [8] Undefined variable: data D:\WWW\open\Application\Home\Controller\DemoController.class.php 第 15 行.
SQL: SELECT * FROM `user`  [ RunTime:0.0430s ]
INFO: [ view_parse ] --START--
NOTIC: [2] filemtime(): stat failed for ./Application/Runtime/Cache\d89e0a7ad525248190c8eb60b41346189f44f73e.file.demo.html.php D:\WWW\open\ThinkPHP\Library\Vendor\Smarty\sysplugins\smarty_resource.php 第 683 行.
NOTIC: [2] unlink(./Application/Runtime/Cache\d89e0a7ad525248190c8eb60b41346189f44f73e.file.demo.html.php): No such file or directory D:\WWW\open\ThinkPHP\Library\Vendor\Smarty\sysplugins\smarty_internal_write_file.php 第 49 行.
NOTIC: [8] Undefined index: Think D:\WWW\open\Application\Runtime\Cache\d89e0a7ad525248190c8eb60b41346189f44f73e.file.demo.html.php 第 35 行.
NOTIC: [8] Trying to get property of non-object D:\WWW\open\Application\Runtime\Cache\d89e0a7ad525248190c8eb60b41346189f44f73e.file.demo.html.php 第 35 行.
NOTIC: [8] Undefined index: Think D:\WWW\open\Application\Runtime\Cache\d89e0a7ad525248190c8eb60b41346189f44f73e.file.demo.html.php 第 42 行.
NOTIC: [8] Trying to get property of non-object D:\WWW\open\Application\Runtime\Cache\d89e0a7ad525248190c8eb60b41346189f44f73e.file.demo.html.php 第 42 行.
NOTIC: [8] Undefined index: sql D:\WWW\open\Application\Runtime\Cache\d89e0a7ad525248190c8eb60b41346189f44f73e.file.demo.html.php 第 62 行.
NOTIC: [8] Trying to get property of non-object D:\WWW\open\Application\Runtime\Cache\d89e0a7ad525248190c8eb60b41346189f44f73e.file.demo.html.php 第 62 行.
INFO: Run Behavior\ParseTemplateBehavior [ RunTime:0.041016s ]
INFO: [ view_parse ] --END-- [ RunTime:0.041016s ]
INFO: [ view_filter ] --START--
INFO: Run Behavior\WriteHtmlCacheBehavior [ RunTime:0.000000s ]
INFO: [ view_filter ] --END-- [ RunTime:0.000000s ]
INFO: [ app_end ] --START--
INFO: Run Behavior\ShowPageTraceBehavior [ RunTime:0.000977s ]
INFO: [ app_end ] --END-- [ RunTime:0.000977s ]

[ 2019-03-27T18:00:59+08:00 ] 127.0.0.1 /index.php/Home/demo/index.css
INFO: [ app_init ] --START--
INFO: Run Behavior\BuildLiteBehavior [ RunTime:0.000000s ]
INFO: [ app_init ] --END-- [ RunTime:0.000976s ]
INFO: [ app_begin ] --START--
INFO: Run Behavior\ReadHtmlCacheBehavior [ RunTime:0.000976s ]
INFO: [ app_begin ] --END-- [ RunTime:0.000976s ]
INFO: [ app_end ] --START--
INFO: Run Behavior\ShowPageTraceBehavior [ RunTime:0.000977s ]
INFO: [ app_end ] --END-- [ RunTime:0.000977s ]

[ 2019-03-27T18:01:19+08:00 ] 127.0.0.1 /index.php/Home/demo/index.css
INFO: [ app_init ] --START--
INFO: Run Behavior\BuildLiteBehavior [ RunTime:0.000000s ]
INFO: [ app_init ] --END-- [ RunTime:0.000000s ]
INFO: [ app_begin ] --START--
INFO: Run Behavior\ReadHtmlCacheBehavior [ RunTime:0.000976s ]
INFO: [ app_begin ] --END-- [ RunTime:0.000976s ]
INFO: [ app_end ] --START--
INFO: Run Behavior\ShowPageTraceBehavior [ RunTime:0.000976s ]
INFO: [ app_end ] --END-- [ RunTime:0.000976s ]

[ 2019-03-27T18:01:20+08:00 ] 127.0.0.1 /index.php/Home/demo/demo
INFO: [ app_init ] --START--
INFO: Run Behavior\BuildLiteBehavior [ RunTime:0.000000s ]
INFO: [ app_init ] --END-- [ RunTime:0.000000s ]
INFO: [ app_begin ] --START--
INFO: Run Behavior\ReadHtmlCacheBehavior [ RunTime:0.000977s ]
INFO: [ app_begin ] --END-- [ RunTime:0.000977s ]
SQL: SHOW COLUMNS FROM `user` [ RunTime:0.0400s ]
NOTIC: [8] Undefined variable: data D:\WWW\open\Application\Home\Controller\DemoController.class.php 第 15 行.
SQL: SELECT * FROM `user`  [ RunTime:0.0381s ]
INFO: [ view_parse ] --START--
NOTIC: [8] Undefined index: Think D:\WWW\open\Application\Runtime\Cache\d89e0a7ad525248190c8eb60b41346189f44f73e.file.demo.html.php 第 35 行.
NOTIC: [8] Trying to get property of non-object D:\WWW\open\Application\Runtime\Cache\d89e0a7ad525248190c8eb60b41346189f44f73e.file.demo.html.php 第 35 行.
NOTIC: [8] Undefined index: Think D:\WWW\open\Application\Runtime\Cache\d89e0a7ad525248190c8eb60b41346189f44f73e.file.demo.html.php 第 42 行.
NOTIC: [8] Trying to get property of non-object D:\WWW\open\Application\Runtime\Cache\d89e0a7ad525248190c8eb60b41346189f44f73e.file.demo.html.php 第 42 行.
NOTIC: [8] Undefined index: sql D:\WWW\open\Application\Runtime\Cache\d89e0a7ad525248190c8eb60b41346189f44f73e.file.demo.html.php 第 62 行.
NOTIC: [8] Trying to get property of non-object D:\WWW\open\Application\Runtime\Cache\d89e0a7ad525248190c8eb60b41346189f44f73e.file.demo.html.php 第 62 行.
INFO: Run Behavior\ParseTemplateBehavior [ RunTime:0.011718s ]
INFO: [ view_parse ] --END-- [ RunTime:0.011718s ]
INFO: [ view_filter ] --START--
INFO: Run Behavior\WriteHtmlCacheBehavior [ RunTime:0.000000s ]
INFO: [ view_filter ] --END-- [ RunTime:0.000000s ]
INFO: [ app_end ] --START--
INFO: Run Behavior\ShowPageTraceBehavior [ RunTime:0.000977s ]
INFO: [ app_end ] --END-- [ RunTime:0.000977s ]

[ 2019-03-27T18:01:20+08:00 ] 127.0.0.1 /index.php/Home/demo/index.css
INFO: [ app_init ] --START--
INFO: Run Behavior\BuildLiteBehavior [ RunTime:0.000000s ]
INFO: [ app_init ] --END-- [ RunTime:0.000976s ]
INFO: [ app_begin ] --START--
INFO: Run Behavior\ReadHtmlCacheBehavior [ RunTime:0.000000s ]
INFO: [ app_begin ] --END-- [ RunTime:0.000000s ]
INFO: [ app_end ] --START--
INFO: Run Behavior\ShowPageTraceBehavior [ RunTime:0.000000s ]
INFO: [ app_end ] --END-- [ RunTime:0.000000s ]

[ 2019-03-27T18:01:29+08:00 ] 127.0.0.1 //Home/demo/demo
INFO: [ app_init ] --START--
INFO: Run Behavior\BuildLiteBehavior [ RunTime:0.000000s ]
INFO: [ app_init ] --END-- [ RunTime:0.000000s ]
INFO: [ app_begin ] --START--
INFO: Run Behavior\ReadHtmlCacheBehavior [ RunTime:0.000976s ]
INFO: [ app_begin ] --END-- [ RunTime:0.000976s ]
SQL: SHOW COLUMNS FROM `user` [ RunTime:0.0439s ]
NOTIC: [8] Undefined variable: data D:\WWW\open\Application\Home\Controller\DemoController.class.php 第 15 行.
SQL: SELECT * FROM `user`  [ RunTime:0.0420s ]
INFO: [ view_parse ] --START--
NOTIC: [8] Undefined index: Think D:\WWW\open\Application\Runtime\Cache\d89e0a7ad525248190c8eb60b41346189f44f73e.file.demo.html.php 第 35 行.
NOTIC: [8] Trying to get property of non-object D:\WWW\open\Application\Runtime\Cache\d89e0a7ad525248190c8eb60b41346189f44f73e.file.demo.html.php 第 35 行.
NOTIC: [8] Undefined index: Think D:\WWW\open\Application\Runtime\Cache\d89e0a7ad525248190c8eb60b41346189f44f73e.file.demo.html.php 第 42 行.
NOTIC: [8] Trying to get property of non-object D:\WWW\open\Application\Runtime\Cache\d89e0a7ad525248190c8eb60b41346189f44f73e.file.demo.html.php 第 42 行.
NOTIC: [8] Undefined index: sql D:\WWW\open\Application\Runtime\Cache\d89e0a7ad525248190c8eb60b41346189f44f73e.file.demo.html.php 第 62 行.
NOTIC: [8] Trying to get property of non-object D:\WWW\open\Application\Runtime\Cache\d89e0a7ad525248190c8eb60b41346189f44f73e.file.demo.html.php 第 62 行.
INFO: Run Behavior\ParseTemplateBehavior [ RunTime:0.010742s ]
INFO: [ view_parse ] --END-- [ RunTime:0.010742s ]
INFO: [ view_filter ] --START--
INFO: Run Behavior\WriteHtmlCacheBehavior [ RunTime:0.000976s ]
INFO: [ view_filter ] --END-- [ RunTime:0.000976s ]
INFO: [ app_end ] --START--
INFO: Run Behavior\ShowPageTraceBehavior [ RunTime:0.000000s ]
INFO: [ app_end ] --END-- [ RunTime:0.000000s ]

[ 2019-03-27T18:01:29+08:00 ] 127.0.0.1 //Home/demo/index.css
INFO: [ app_init ] --START--
INFO: Run Behavior\BuildLiteBehavior [ RunTime:0.000000s ]
INFO: [ app_init ] --END-- [ RunTime:0.000977s ]
INFO: [ app_begin ] --START--
INFO: Run Behavior\ReadHtmlCacheBehavior [ RunTime:0.000976s ]
INFO: [ app_begin ] --END-- [ RunTime:0.000976s ]
INFO: [ app_end ] --START--
INFO: Run Behavior\ShowPageTraceBehavior [ RunTime:0.000976s ]
INFO: [ app_end ] --END-- [ RunTime:0.000976s ]

[ 2019-03-27T18:01:38+08:00 ] 127.0.0.1 /Home/demo/demo
INFO: [ app_init ] --START--
INFO: Run Behavior\BuildLiteBehavior [ RunTime:0.000000s ]
INFO: [ app_init ] --END-- [ RunTime:0.000000s ]
INFO: [ app_begin ] --START--
INFO: Run Behavior\ReadHtmlCacheBehavior [ RunTime:0.000000s ]
INFO: [ app_begin ] --END-- [ RunTime:0.000976s ]
SQL: SHOW COLUMNS FROM `user` [ RunTime:0.0420s ]
NOTIC: [8] Undefined variable: data D:\WWW\open\Application\Home\Controller\DemoController.class.php 第 15 行.
SQL: SELECT * FROM `user`  [ RunTime:0.0430s ]
INFO: [ view_parse ] --START--
NOTIC: [8] Undefined index: Think D:\WWW\open\Application\Runtime\Cache\d89e0a7ad525248190c8eb60b41346189f44f73e.file.demo.html.php 第 35 行.
NOTIC: [8] Trying to get property of non-object D:\WWW\open\Application\Runtime\Cache\d89e0a7ad525248190c8eb60b41346189f44f73e.file.demo.html.php 第 35 行.
NOTIC: [8] Undefined index: Think D:\WWW\open\Application\Runtime\Cache\d89e0a7ad525248190c8eb60b41346189f44f73e.file.demo.html.php 第 42 行.
NOTIC: [8] Trying to get property of non-object D:\WWW\open\Application\Runtime\Cache\d89e0a7ad525248190c8eb60b41346189f44f73e.file.demo.html.php 第 42 行.
NOTIC: [8] Undefined index: sql D:\WWW\open\Application\Runtime\Cache\d89e0a7ad525248190c8eb60b41346189f44f73e.file.demo.html.php 第 62 行.
NOTIC: [8] Trying to get property of non-object D:\WWW\open\Application\Runtime\Cache\d89e0a7ad525248190c8eb60b41346189f44f73e.file.demo.html.php 第 62 行.
INFO: Run Behavior\ParseTemplateBehavior [ RunTime:0.009766s ]
INFO: [ view_parse ] --END-- [ RunTime:0.009766s ]
INFO: [ view_filter ] --START--
INFO: Run Behavior\WriteHtmlCacheBehavior [ RunTime:0.000000s ]
INFO: [ view_filter ] --END-- [ RunTime:0.000000s ]
INFO: [ app_end ] --START--
INFO: Run Behavior\ShowPageTraceBehavior [ RunTime:0.000976s ]
INFO: [ app_end ] --END-- [ RunTime:0.000976s ]

[ 2019-03-27T18:01:38+08:00 ] 127.0.0.1 /Home/demo/index.css
INFO: [ app_init ] --START--
INFO: Run Behavior\BuildLiteBehavior [ RunTime:0.000000s ]
INFO: [ app_init ] --END-- [ RunTime:0.000000s ]
INFO: [ app_begin ] --START--
INFO: Run Behavior\ReadHtmlCacheBehavior [ RunTime:0.000000s ]
INFO: [ app_begin ] --END-- [ RunTime:0.000000s ]
INFO: [ app_end ] --START--
INFO: Run Behavior\ShowPageTraceBehavior [ RunTime:0.000977s ]
INFO: [ app_end ] --END-- [ RunTime:0.000977s ]

[ 2019-03-27T18:02:19+08:00 ] 127.0.0.1 /index.php/Home/Index/index
INFO: [ app_init ] --START--
INFO: Run Behavior\BuildLiteBehavior [ RunTime:0.000000s ]
INFO: [ app_init ] --END-- [ RunTime:0.000976s ]
INFO: [ app_begin ] --START--
INFO: Run Behavior\ReadHtmlCacheBehavior [ RunTime:0.000976s ]
INFO: [ app_begin ] --END-- [ RunTime:0.000976s ]
NOTIC: [2048] Declaration of Home\Controller\IndexController::show() should be compatible with Think\Controller::show($content, $charset = '', $contentType = '', $prefix = '') D:\WWW\open\Application\Home\Controller\IndexController.class.php 第 113 行.
NOTIC: [8] Undefined index: uname D:\WWW\open\Application\Home\Controller\IndexController.class.php 第 7 行.
NOTIC: [8] Undefined index: upwd D:\WWW\open\Application\Home\Controller\IndexController.class.php 第 8 行.
SQL: SHOW COLUMNS FROM `user` [ RunTime:0.0410s ]
INFO: [ view_parse ] --START--
INFO: Run Behavior\ParseTemplateBehavior [ RunTime:0.011719s ]
INFO: [ view_parse ] --END-- [ RunTime:0.011719s ]
INFO: [ view_filter ] --START--
INFO: Run Behavior\WriteHtmlCacheBehavior [ RunTime:0.000000s ]
INFO: [ view_filter ] --END-- [ RunTime:0.000000s ]
INFO: [ app_end ] --START--
INFO: Run Behavior\ShowPageTraceBehavior [ RunTime:0.000976s ]
INFO: [ app_end ] --END-- [ RunTime:0.000976s ]

