[ 2019-03-27T18:02:29+08:00 ] 127.0.0.1 /index.php/Admin/Index/index
INFO: [ app_init ] --START--
INFO: Run Behavior\BuildLiteBehavior [ RunTime:0.000000s ]
INFO: [ app_init ] --END-- [ RunTime:0.000000s ]
INFO: [ app_begin ] --START--
INFO: Run Behavior\ReadHtmlCacheBehavior [ RunTime:0.000976s ]
INFO: [ app_begin ] --END-- [ RunTime:0.000976s ]
INFO: [ view_parse ] --START--
NOTIC: [2] filemtime(): stat failed for ./Application/Runtime/Cache\fcd08bbd10c5b207505995d7de2e17b120fb0362.file.index.html.php D:\WWW\open\ThinkPHP\Library\Vendor\Smarty\sysplugins\smarty_resource.php 第 683 行.
NOTIC: [2] unlink(./Application/Runtime/Cache\fcd08bbd10c5b207505995d7de2e17b120fb0362.file.index.html.php): No such file or directory D:\WWW\open\ThinkPHP\Library\Vendor\Smarty\sysplugins\smarty_internal_write_file.php 第 49 行.
NOTIC: [8] Undefined index: Think D:\WWW\open\Application\Runtime\Cache\fcd08bbd10c5b207505995d7de2e17b120fb0362.file.index.html.php 第 33 行.
NOTIC: [8] Trying to get property of non-object D:\WWW\open\Application\Runtime\Cache\fcd08bbd10c5b207505995d7de2e17b120fb0362.file.index.html.php 第 33 行.
NOTIC: [8] Undefined index: Think D:\WWW\open\Application\Runtime\Cache\fcd08bbd10c5b207505995d7de2e17b120fb0362.file.index.html.php 第 36 行.
NOTIC: [8] Trying to get property of non-object D:\WWW\open\Application\Runtime\Cache\fcd08bbd10c5b207505995d7de2e17b120fb0362.file.index.html.php 第 36 行.
INFO: Run Behavior\ParseTemplateBehavior [ RunTime:0.056641s ]
INFO: [ view_parse ] --END-- [ RunTime:0.056641s ]
INFO: [ view_filter ] --START--
INFO: Run Behavior\WriteHtmlCacheBehavior [ RunTime:0.000977s ]
INFO: [ view_filter ] --END-- [ RunTime:0.000977s ]
INFO: [ app_end ] --START--
INFO: Run Behavior\ShowPageTraceBehavior [ RunTime:0.000976s ]
INFO: [ app_end ] --END-- [ RunTime:0.000976s ]

[ 2019-03-27T18:02:29+08:00 ] 127.0.0.1 /index.php/Admin/Index/index.css
INFO: [ app_init ] --START--
INFO: Run Behavior\BuildLiteBehavior [ RunTime:0.000000s ]
INFO: [ app_init ] --END-- [ RunTime:0.000000s ]
INFO: [ app_begin ] --START--
INFO: Run Behavior\ReadHtmlCacheBehavior [ RunTime:0.000976s ]
INFO: [ app_begin ] --END-- [ RunTime:0.000976s ]
ERR: 非法操作:index.css

[ 2019-03-27T18:02:29+08:00 ] 127.0.0.1 /index.php/Admin/Index/index.js
INFO: [ app_init ] --START--
INFO: Run Behavior\BuildLiteBehavior [ RunTime:0.000000s ]
INFO: [ app_init ] --END-- [ RunTime:0.000000s ]
INFO: [ app_begin ] --START--
INFO: Run Behavior\ReadHtmlCacheBehavior [ RunTime:0.000977s ]
INFO: [ app_begin ] --END-- [ RunTime:0.000977s ]
ERR: 非法操作:index.js

[ 2019-03-27T18:03:42+08:00 ] 127.0.0.1 /index.php/Admin/Index/index
INFO: [ app_init ] --START--
INFO: Run Behavior\BuildLiteBehavior [ RunTime:0.000000s ]
INFO: [ app_init ] --END-- [ RunTime:0.000000s ]
INFO: [ app_begin ] --START--
INFO: Run Behavior\ReadHtmlCacheBehavior [ RunTime:0.000977s ]
INFO: [ app_begin ] --END-- [ RunTime:0.000977s ]
INFO: [ view_parse ] --START--
NOTIC: [8] Undefined index: Think D:\WWW\open\Application\Runtime\Cache\fcd08bbd10c5b207505995d7de2e17b120fb0362.file.index.html.php 第 33 行.
NOTIC: [8] Trying to get property of non-object D:\WWW\open\Application\Runtime\Cache\fcd08bbd10c5b207505995d7de2e17b120fb0362.file.index.html.php 第 33 行.
NOTIC: [8] Undefined index: Think D:\WWW\open\Application\Runtime\Cache\fcd08bbd10c5b207505995d7de2e17b120fb0362.file.index.html.php 第 36 行.
NOTIC: [8] Trying to get property of non-object D:\WWW\open\Application\Runtime\Cache\fcd08bbd10c5b207505995d7de2e17b120fb0362.file.index.html.php 第 36 行.
INFO: Run Behavior\ParseTemplateBehavior [ RunTime:0.012695s ]
INFO: [ view_parse ] --END-- [ RunTime:0.012695s ]
INFO: [ view_filter ] --START--
INFO: Run Behavior\WriteHtmlCacheBehavior [ RunTime:0.000977s ]
INFO: [ view_filter ] --END-- [ RunTime:0.000977s ]
INFO: [ app_end ] --START--
INFO: Run Behavior\ShowPageTraceBehavior [ RunTime:0.000977s ]
INFO: [ app_end ] --END-- [ RunTime:0.001953s ]

[ 2019-03-27T18:03:42+08:00 ] 127.0.0.1 /index.php/Admin/Index/index.js
INFO: [ app_init ] --START--
INFO: Run Behavior\BuildLiteBehavior [ RunTime:0.000000s ]
INFO: [ app_init ] --END-- [ RunTime:0.000000s ]
INFO: [ app_begin ] --START--
INFO: Run Behavior\ReadHtmlCacheBehavior [ RunTime:0.000977s ]
INFO: [ app_begin ] --END-- [ RunTime:0.000977s ]
ERR: 非法操作:index.js

[ 2019-03-27T18:03:42+08:00 ] 127.0.0.1 /index.php/Admin/Index/index.css
INFO: [ app_init ] --START--
INFO: Run Behavior\BuildLiteBehavior [ RunTime:0.000000s ]
INFO: [ app_init ] --END-- [ RunTime:0.000000s ]
INFO: [ app_begin ] --START--
INFO: Run Behavior\ReadHtmlCacheBehavior [ RunTime:0.000977s ]
INFO: [ app_begin ] --END-- [ RunTime:0.000977s ]
ERR: 非法操作:index.css

[ 2019-03-27T18:03:42+08:00 ] 127.0.0.1 /index.php/Admin/Index/index.js
INFO: [ app_init ] --START--
INFO: Run Behavior\BuildLiteBehavior [ RunTime:0.000000s ]
INFO: [ app_init ] --END-- [ RunTime:0.000000s ]
INFO: [ app_begin ] --START--
INFO: Run Behavior\ReadHtmlCacheBehavior [ RunTime:0.000000s ]
INFO: [ app_begin ] --END-- [ RunTime:0.001953s ]
ERR: 非法操作:index.js

[ 2019-03-27T18:04:10+08:00 ] 127.0.0.1 /index.php/Admin/Index/index
INFO: [ app_init ] --START--
INFO: Run Behavior\BuildLiteBehavior [ RunTime:0.000000s ]
INFO: [ app_init ] --END-- [ RunTime:0.000977s ]
INFO: [ app_begin ] --START--
INFO: Run Behavior\ReadHtmlCacheBehavior [ RunTime:0.000977s ]
INFO: [ app_begin ] --END-- [ RunTime:0.000977s ]
INFO: [ view_parse ] --START--
NOTIC: [8] Undefined index: Think D:\WWW\open\Application\Runtime\Cache\fcd08bbd10c5b207505995d7de2e17b120fb0362.file.index.html.php 第 33 行.
NOTIC: [8] Trying to get property of non-object D:\WWW\open\Application\Runtime\Cache\fcd08bbd10c5b207505995d7de2e17b120fb0362.file.index.html.php 第 33 行.
NOTIC: [8] Undefined index: Think D:\WWW\open\Application\Runtime\Cache\fcd08bbd10c5b207505995d7de2e17b120fb0362.file.index.html.php 第 36 行.
NOTIC: [8] Trying to get property of non-object D:\WWW\open\Application\Runtime\Cache\fcd08bbd10c5b207505995d7de2e17b120fb0362.file.index.html.php 第 36 行.
INFO: Run Behavior\ParseTemplateBehavior [ RunTime:0.008790s ]
INFO: [ view_parse ] --END-- [ RunTime:0.008790s ]
INFO: [ view_filter ] --START--
INFO: Run Behavior\WriteHtmlCacheBehavior [ RunTime:0.000000s ]
INFO: [ view_filter ] --END-- [ RunTime:0.000000s ]
INFO: [ app_end ] --START--
INFO: Run Behavior\ShowPageTraceBehavior [ RunTime:0.000976s ]
INFO: [ app_end ] --END-- [ RunTime:0.000976s ]

[ 2019-03-27T18:04:10+08:00 ] 127.0.0.1 /index.php/Admin/Index/index.css
INFO: [ app_init ] --START--
INFO: Run Behavior\BuildLiteBehavior [ RunTime:0.000000s ]
INFO: [ app_init ] --END-- [ RunTime:0.000000s ]
INFO: [ app_begin ] --START--
INFO: Run Behavior\ReadHtmlCacheBehavior [ RunTime:0.000976s ]
INFO: [ app_begin ] --END-- [ RunTime:0.000976s ]
ERR: 非法操作:index.css

[ 2019-03-27T18:04:10+08:00 ] 127.0.0.1 /index.php/Admin/Index/index.js
INFO: [ app_init ] --START--
INFO: Run Behavior\BuildLiteBehavior [ RunTime:0.000000s ]
INFO: [ app_init ] --END-- [ RunTime:0.000000s ]
INFO: [ app_begin ] --START--
INFO: Run Behavior\ReadHtmlCacheBehavior [ RunTime:0.000000s ]
INFO: [ app_begin ] --END-- [ RunTime:0.000000s ]
ERR: 非法操作:index.js

[ 2019-03-27T18:04:11+08:00 ] 127.0.0.1 /index.php/Admin/Index/index.js
INFO: [ app_init ] --START--
INFO: Run Behavior\BuildLiteBehavior [ RunTime:0.000000s ]
INFO: [ app_init ] --END-- [ RunTime:0.000000s ]
INFO: [ app_begin ] --START--
INFO: Run Behavior\ReadHtmlCacheBehavior [ RunTime:0.000976s ]
INFO: [ app_begin ] --END-- [ RunTime:0.000976s ]
ERR: 非法操作:index.js

[ 2019-03-27T18:05:09+08:00 ] 127.0.0.1 /index.php/Admin/Index/index
INFO: [ app_init ] --START--
INFO: Run Behavior\BuildLiteBehavior [ RunTime:0.000000s ]
INFO: [ app_init ] --END-- [ RunTime:0.000000s ]
INFO: [ app_begin ] --START--
INFO: Run Behavior\ReadHtmlCacheBehavior [ RunTime:0.000976s ]
INFO: [ app_begin ] --END-- [ RunTime:0.000976s ]
INFO: [ view_parse ] --START--
NOTIC: [8] Undefined index: Think D:\WWW\open\Application\Runtime\Cache\fcd08bbd10c5b207505995d7de2e17b120fb0362.file.index.html.php 第 33 行.
NOTIC: [8] Trying to get property of non-object D:\WWW\open\Application\Runtime\Cache\fcd08bbd10c5b207505995d7de2e17b120fb0362.file.index.html.php 第 33 行.
NOTIC: [8] Undefined index: Think D:\WWW\open\Application\Runtime\Cache\fcd08bbd10c5b207505995d7de2e17b120fb0362.file.index.html.php 第 36 行.
NOTIC: [8] Trying to get property of non-object D:\WWW\open\Application\Runtime\Cache\fcd08bbd10c5b207505995d7de2e17b120fb0362.file.index.html.php 第 36 行.
INFO: Run Behavior\ParseTemplateBehavior [ RunTime:0.064453s ]
INFO: [ view_parse ] --END-- [ RunTime:0.064453s ]
INFO: [ view_filter ] --START--
INFO: Run Behavior\WriteHtmlCacheBehavior [ RunTime:0.000977s ]
INFO: [ view_filter ] --END-- [ RunTime:0.000977s ]
INFO: [ app_end ] --START--
INFO: Run Behavior\ShowPageTraceBehavior [ RunTime:0.000976s ]
INFO: [ app_end ] --END-- [ RunTime:0.000976s ]

[ 2019-03-27T18:05:09+08:00 ] 127.0.0.1 /index.php/Admin/Index/index.css
INFO: [ app_init ] --START--
INFO: Run Behavior\BuildLiteBehavior [ RunTime:0.000000s ]
INFO: [ app_init ] --END-- [ RunTime:0.000976s ]
INFO: [ app_begin ] --START--
INFO: Run Behavior\ReadHtmlCacheBehavior [ RunTime:0.000976s ]
INFO: [ app_begin ] --END-- [ RunTime:0.000976s ]
ERR: 非法操作:index.css

[ 2019-03-27T18:05:09+08:00 ] 127.0.0.1 /index.php/Admin/Index/index.js
INFO: [ app_init ] --START--
INFO: Run Behavior\BuildLiteBehavior [ RunTime:0.000000s ]
INFO: [ app_init ] --END-- [ RunTime:0.000000s ]
INFO: [ app_begin ] --START--
INFO: Run Behavior\ReadHtmlCacheBehavior [ RunTime:0.000976s ]
INFO: [ app_begin ] --END-- [ RunTime:0.000976s ]
ERR: 非法操作:index.js

[ 2019-03-27T18:05:09+08:00 ] 127.0.0.1 /index.php/Admin/Index/index
INFO: [ app_init ] --START--
INFO: Run Behavior\BuildLiteBehavior [ RunTime:0.000000s ]
INFO: [ app_init ] --END-- [ RunTime:0.000000s ]
INFO: [ app_begin ] --START--
INFO: Run Behavior\ReadHtmlCacheBehavior [ RunTime:0.000977s ]
INFO: [ app_begin ] --END-- [ RunTime:0.000977s ]
INFO: [ view_parse ] --START--
NOTIC: [8] Undefined index: Think D:\WWW\open\Application\Runtime\Cache\fcd08bbd10c5b207505995d7de2e17b120fb0362.file.index.html.php 第 33 行.
NOTIC: [8] Trying to get property of non-object D:\WWW\open\Application\Runtime\Cache\fcd08bbd10c5b207505995d7de2e17b120fb0362.file.index.html.php 第 33 行.
NOTIC: [8] Undefined index: Think D:\WWW\open\Application\Runtime\Cache\fcd08bbd10c5b207505995d7de2e17b120fb0362.file.index.html.php 第 36 行.
NOTIC: [8] Trying to get property of non-object D:\WWW\open\Application\Runtime\Cache\fcd08bbd10c5b207505995d7de2e17b120fb0362.file.index.html.php 第 36 行.
INFO: Run Behavior\ParseTemplateBehavior [ RunTime:0.009765s ]
INFO: [ view_parse ] --END-- [ RunTime:0.009765s ]
INFO: [ view_filter ] --START--
INFO: Run Behavior\WriteHtmlCacheBehavior [ RunTime:0.000000s ]
INFO: [ view_filter ] --END-- [ RunTime:0.000000s ]
INFO: [ app_end ] --START--
INFO: Run Behavior\ShowPageTraceBehavior [ RunTime:0.000977s ]
INFO: [ app_end ] --END-- [ RunTime:0.000977s ]

[ 2019-03-27T18:05:09+08:00 ] 127.0.0.1 /index.php/Admin/Index/index.css
INFO: [ app_init ] --START--
INFO: Run Behavior\BuildLiteBehavior [ RunTime:0.000000s ]
INFO: [ app_init ] --END-- [ RunTime:0.000000s ]
INFO: [ app_begin ] --START--
INFO: Run Behavior\ReadHtmlCacheBehavior [ RunTime:0.000000s ]
INFO: [ app_begin ] --END-- [ RunTime:0.000000s ]
ERR: 非法操作:index.css

[ 2019-03-27T18:05:09+08:00 ] 127.0.0.1 /index.php/Admin/Index/index.js
INFO: [ app_init ] --START--
INFO: Run Behavior\BuildLiteBehavior [ RunTime:0.000000s ]
INFO: [ app_init ] --END-- [ RunTime:0.000977s ]
INFO: [ app_begin ] --START--
INFO: Run Behavior\ReadHtmlCacheBehavior [ RunTime:0.000977s ]
INFO: [ app_begin ] --END-- [ RunTime:0.000977s ]
ERR: 非法操作:index.js

[ 2019-03-27T18:05:09+08:00 ] 127.0.0.1 /index.php/Admin/Index/index
INFO: [ app_init ] --START--
INFO: Run Behavior\BuildLiteBehavior [ RunTime:0.000000s ]
INFO: [ app_init ] --END-- [ RunTime:0.000000s ]
INFO: [ app_begin ] --START--
INFO: Run Behavior\ReadHtmlCacheBehavior [ RunTime:0.000000s ]
INFO: [ app_begin ] --END-- [ RunTime:0.000000s ]
INFO: [ view_parse ] --START--
NOTIC: [8] Undefined index: Think D:\WWW\open\Application\Runtime\Cache\fcd08bbd10c5b207505995d7de2e17b120fb0362.file.index.html.php 第 33 行.
NOTIC: [8] Trying to get property of non-object D:\WWW\open\Application\Runtime\Cache\fcd08bbd10c5b207505995d7de2e17b120fb0362.file.index.html.php 第 33 行.
NOTIC: [8] Undefined index: Think D:\WWW\open\Application\Runtime\Cache\fcd08bbd10c5b207505995d7de2e17b120fb0362.file.index.html.php 第 36 行.
NOTIC: [8] Trying to get property of non-object D:\WWW\open\Application\Runtime\Cache\fcd08bbd10c5b207505995d7de2e17b120fb0362.file.index.html.php 第 36 行.
INFO: Run Behavior\ParseTemplateBehavior [ RunTime:0.014649s ]
INFO: [ view_parse ] --END-- [ RunTime:0.014649s ]
INFO: [ view_filter ] --START--
INFO: Run Behavior\WriteHtmlCacheBehavior [ RunTime:0.000000s ]
INFO: [ view_filter ] --END-- [ RunTime:0.000000s ]
INFO: [ app_end ] --START--
INFO: Run Behavior\ShowPageTraceBehavior [ RunTime:0.000976s ]
INFO: [ app_end ] --END-- [ RunTime:0.000976s ]

[ 2019-03-27T18:05:09+08:00 ] 127.0.0.1 /index.php/Admin/Index/index.css
INFO: [ app_init ] --START--
INFO: Run Behavior\BuildLiteBehavior [ RunTime:0.000000s ]
INFO: [ app_init ] --END-- [ RunTime:0.000000s ]
INFO: [ app_begin ] --START--
INFO: Run Behavior\ReadHtmlCacheBehavior [ RunTime:0.000977s ]
INFO: [ app_begin ] --END-- [ RunTime:0.000977s ]
ERR: 非法操作:index.css

[ 2019-03-27T18:05:09+08:00 ] 127.0.0.1 /index.php/Admin/Index/index.js
INFO: [ app_init ] --START--
INFO: Run Behavior\BuildLiteBehavior [ RunTime:0.000000s ]
INFO: [ app_init ] --END-- [ RunTime:0.000976s ]
INFO: [ app_begin ] --START--
INFO: Run Behavior\ReadHtmlCacheBehavior [ RunTime:0.000000s ]
INFO: [ app_begin ] --END-- [ RunTime:0.000000s ]
ERR: 非法操作:index.js

[ 2019-03-27T18:05:10+08:00 ] 127.0.0.1 /index.php/Admin/Index/index
INFO: [ app_init ] --START--
INFO: Run Behavior\BuildLiteBehavior [ RunTime:0.000000s ]
INFO: [ app_init ] --END-- [ RunTime:0.000000s ]
INFO: [ app_begin ] --START--
INFO: Run Behavior\ReadHtmlCacheBehavior [ RunTime:0.000000s ]
INFO: [ app_begin ] --END-- [ RunTime:0.000976s ]
INFO: [ view_parse ] --START--
NOTIC: [8] Undefined index: Think D:\WWW\open\Application\Runtime\Cache\fcd08bbd10c5b207505995d7de2e17b120fb0362.file.index.html.php 第 33 行.
NOTIC: [8] Trying to get property of non-object D:\WWW\open\Application\Runtime\Cache\fcd08bbd10c5b207505995d7de2e17b120fb0362.file.index.html.php 第 33 行.
NOTIC: [8] Undefined index: Think D:\WWW\open\Application\Runtime\Cache\fcd08bbd10c5b207505995d7de2e17b120fb0362.file.index.html.php 第 36 行.
NOTIC: [8] Trying to get property of non-object D:\WWW\open\Application\Runtime\Cache\fcd08bbd10c5b207505995d7de2e17b120fb0362.file.index.html.php 第 36 行.
INFO: Run Behavior\ParseTemplateBehavior [ RunTime:0.007812s ]
INFO: [ view_parse ] --END-- [ RunTime:0.007812s ]
INFO: [ view_filter ] --START--
INFO: Run Behavior\WriteHtmlCacheBehavior [ RunTime:0.000000s ]
INFO: [ view_filter ] --END-- [ RunTime:0.000000s ]
INFO: [ app_end ] --START--
INFO: Run Behavior\ShowPageTraceBehavior [ RunTime:0.000000s ]
INFO: [ app_end ] --END-- [ RunTime:0.000977s ]

[ 2019-03-27T18:05:10+08:00 ] 127.0.0.1 /index.php/Admin/Index/index.css
INFO: [ app_init ] --START--
INFO: Run Behavior\BuildLiteBehavior [ RunTime:0.000000s ]
INFO: [ app_init ] --END-- [ RunTime:0.000976s ]
INFO: [ app_begin ] --START--
INFO: Run Behavior\ReadHtmlCacheBehavior [ RunTime:0.000976s ]
INFO: [ app_begin ] --END-- [ RunTime:0.000976s ]
ERR: 非法操作:index.css

[ 2019-03-27T18:05:10+08:00 ] 127.0.0.1 /index.php/Admin/Index/index.js
INFO: [ app_init ] --START--
INFO: Run Behavior\BuildLiteBehavior [ RunTime:0.000000s ]
INFO: [ app_init ] --END-- [ RunTime:0.000977s ]
INFO: [ app_begin ] --START--
INFO: Run Behavior\ReadHtmlCacheBehavior [ RunTime:0.000977s ]
INFO: [ app_begin ] --END-- [ RunTime:0.000977s ]
ERR: 非法操作:index.js

[ 2019-03-27T18:05:10+08:00 ] 127.0.0.1 /index.php/Admin/Index/index.js
INFO: [ app_init ] --START--
INFO: Run Behavior\BuildLiteBehavior [ RunTime:0.000000s ]
INFO: [ app_init ] --END-- [ RunTime:0.000977s ]
INFO: [ app_begin ] --START--
INFO: Run Behavior\ReadHtmlCacheBehavior [ RunTime:0.000977s ]
INFO: [ app_begin ] --END-- [ RunTime:0.000977s ]
ERR: 非法操作:index.js

[ 2019-03-27T18:08:25+08:00 ] 127.0.0.1 /index.php/Admin/Index/index
INFO: [ app_init ] --START--
INFO: Run Behavior\BuildLiteBehavior [ RunTime:0.000000s ]
INFO: [ app_init ] --END-- [ RunTime:0.000976s ]
INFO: [ app_begin ] --START--
INFO: Run Behavior\ReadHtmlCacheBehavior [ RunTime:0.000977s ]
INFO: [ app_begin ] --END-- [ RunTime:0.000977s ]
INFO: [ view_parse ] --START--
NOTIC: [8] Undefined index: Think D:\WWW\open\Application\Runtime\Cache\fcd08bbd10c5b207505995d7de2e17b120fb0362.file.index.html.php 第 33 行.
NOTIC: [8] Trying to get property of non-object D:\WWW\open\Application\Runtime\Cache\fcd08bbd10c5b207505995d7de2e17b120fb0362.file.index.html.php 第 33 行.
NOTIC: [8] Undefined index: Think D:\WWW\open\Application\Runtime\Cache\fcd08bbd10c5b207505995d7de2e17b120fb0362.file.index.html.php 第 36 行.
NOTIC: [8] Trying to get property of non-object D:\WWW\open\Application\Runtime\Cache\fcd08bbd10c5b207505995d7de2e17b120fb0362.file.index.html.php 第 36 行.
INFO: Run Behavior\ParseTemplateBehavior [ RunTime:0.010742s ]
INFO: [ view_parse ] --END-- [ RunTime:0.010742s ]
INFO: [ view_filter ] --START--
INFO: Run Behavior\WriteHtmlCacheBehavior [ RunTime:0.000977s ]
INFO: [ view_filter ] --END-- [ RunTime:0.000977s ]
INFO: [ app_end ] --START--
INFO: Run Behavior\ShowPageTraceBehavior [ RunTime:0.000976s ]
INFO: [ app_end ] --END-- [ RunTime:0.000976s ]

[ 2019-03-27T18:08:25+08:00 ] 127.0.0.1 /index.php/Admin/Index/index.js
INFO: [ app_init ] --START--
INFO: Run Behavior\BuildLiteBehavior [ RunTime:0.000000s ]
INFO: [ app_init ] --END-- [ RunTime:0.000977s ]
INFO: [ app_begin ] --START--
INFO: Run Behavior\ReadHtmlCacheBehavior [ RunTime:0.000977s ]
INFO: [ app_begin ] --END-- [ RunTime:0.000977s ]
ERR: 非法操作:index.js

[ 2019-03-27T18:08:25+08:00 ] 127.0.0.1 /index.php/Admin/Index/index.css
INFO: [ app_init ] --START--
INFO: Run Behavior\BuildLiteBehavior [ RunTime:0.000000s ]
INFO: [ app_init ] --END-- [ RunTime:0.000000s ]
INFO: [ app_begin ] --START--
INFO: Run Behavior\ReadHtmlCacheBehavior [ RunTime:0.000976s ]
INFO: [ app_begin ] --END-- [ RunTime:0.000976s ]
ERR: 非法操作:index.css

[ 2019-03-27T18:08:25+08:00 ] 127.0.0.1 /index.php/Admin/Index/index.js
INFO: [ app_init ] --START--
INFO: Run Behavior\BuildLiteBehavior [ RunTime:0.000000s ]
INFO: [ app_init ] --END-- [ RunTime:0.000000s ]
INFO: [ app_begin ] --START--
INFO: Run Behavior\ReadHtmlCacheBehavior [ RunTime:0.000977s ]
INFO: [ app_begin ] --END-- [ RunTime:0.000977s ]
ERR: 非法操作:index.js

[ 2019-03-27T18:08:25+08:00 ] 127.0.0.1 /index.php/Admin/Index/index
INFO: [ app_init ] --START--
INFO: Run Behavior\BuildLiteBehavior [ RunTime:0.000000s ]
INFO: [ app_init ] --END-- [ RunTime:0.000000s ]
INFO: [ app_begin ] --START--
INFO: Run Behavior\ReadHtmlCacheBehavior [ RunTime:0.000976s ]
INFO: [ app_begin ] --END-- [ RunTime:0.000976s ]
INFO: [ view_parse ] --START--
NOTIC: [8] Undefined index: Think D:\WWW\open\Application\Runtime\Cache\fcd08bbd10c5b207505995d7de2e17b120fb0362.file.index.html.php 第 33 行.
NOTIC: [8] Trying to get property of non-object D:\WWW\open\Application\Runtime\Cache\fcd08bbd10c5b207505995d7de2e17b120fb0362.file.index.html.php 第 33 行.
NOTIC: [8] Undefined index: Think D:\WWW\open\Application\Runtime\Cache\fcd08bbd10c5b207505995d7de2e17b120fb0362.file.index.html.php 第 36 行.
NOTIC: [8] Trying to get property of non-object D:\WWW\open\Application\Runtime\Cache\fcd08bbd10c5b207505995d7de2e17b120fb0362.file.index.html.php 第 36 行.
INFO: Run Behavior\ParseTemplateBehavior [ RunTime:0.009765s ]
INFO: [ view_parse ] --END-- [ RunTime:0.009765s ]
INFO: [ view_filter ] --START--
INFO: Run Behavior\WriteHtmlCacheBehavior [ RunTime:0.000000s ]
INFO: [ view_filter ] --END-- [ RunTime:0.000000s ]
INFO: [ app_end ] --START--
INFO: Run Behavior\ShowPageTraceBehavior [ RunTime:0.000977s ]
INFO: [ app_end ] --END-- [ RunTime:0.000977s ]

[ 2019-03-27T18:08:25+08:00 ] 127.0.0.1 /index.php/Admin/Index/index.css
INFO: [ app_init ] --START--
INFO: Run Behavior\BuildLiteBehavior [ RunTime:0.000000s ]
INFO: [ app_init ] --END-- [ RunTime:0.000000s ]
INFO: [ app_begin ] --START--
INFO: Run Behavior\ReadHtmlCacheBehavior [ RunTime:0.000977s ]
INFO: [ app_begin ] --END-- [ RunTime:0.000977s ]
ERR: 非法操作:index.css

[ 2019-03-27T18:08:25+08:00 ] 127.0.0.1 /index.php/Admin/Index/index.js
INFO: [ app_init ] --START--
INFO: Run Behavior\BuildLiteBehavior [ RunTime:0.000000s ]
INFO: [ app_init ] --END-- [ RunTime:0.000977s ]
INFO: [ app_begin ] --START--
INFO: Run Behavior\ReadHtmlCacheBehavior [ RunTime:0.000976s ]
INFO: [ app_begin ] --END-- [ RunTime:0.000976s ]
ERR: 非法操作:index.js

[ 2019-03-27T18:08:25+08:00 ] 127.0.0.1 /index.php/Admin/Index/index
INFO: [ app_init ] --START--
INFO: Run Behavior\BuildLiteBehavior [ RunTime:0.000000s ]
INFO: [ app_init ] --END-- [ RunTime:0.000976s ]
INFO: [ app_begin ] --START--
INFO: Run Behavior\ReadHtmlCacheBehavior [ RunTime:0.000977s ]
INFO: [ app_begin ] --END-- [ RunTime:0.000977s ]
INFO: [ view_parse ] --START--
NOTIC: [8] Undefined index: Think D:\WWW\open\Application\Runtime\Cache\fcd08bbd10c5b207505995d7de2e17b120fb0362.file.index.html.php 第 33 行.
NOTIC: [8] Trying to get property of non-object D:\WWW\open\Application\Runtime\Cache\fcd08bbd10c5b207505995d7de2e17b120fb0362.file.index.html.php 第 33 行.
NOTIC: [8] Undefined index: Think D:\WWW\open\Application\Runtime\Cache\fcd08bbd10c5b207505995d7de2e17b120fb0362.file.index.html.php 第 36 行.
NOTIC: [8] Trying to get property of non-object D:\WWW\open\Application\Runtime\Cache\fcd08bbd10c5b207505995d7de2e17b120fb0362.file.index.html.php 第 36 行.
INFO: Run Behavior\ParseTemplateBehavior [ RunTime:0.011719s ]
INFO: [ view_parse ] --END-- [ RunTime:0.011719s ]
INFO: [ view_filter ] --START--
INFO: Run Behavior\WriteHtmlCacheBehavior [ RunTime:0.000000s ]
INFO: [ view_filter ] --END-- [ RunTime:0.000000s ]
INFO: [ app_end ] --START--
INFO: Run Behavior\ShowPageTraceBehavior [ RunTime:0.000000s ]
INFO: [ app_end ] --END-- [ RunTime:0.000000s ]

[ 2019-03-27T18:08:25+08:00 ] 127.0.0.1 /index.php/Admin/Index/index.js
INFO: [ app_init ] --START--
INFO: Run Behavior\BuildLiteBehavior [ RunTime:0.000000s ]
INFO: [ app_init ] --END-- [ RunTime:0.000000s ]
INFO: [ app_begin ] --START--
INFO: Run Behavior\ReadHtmlCacheBehavior [ RunTime:0.000976s ]
INFO: [ app_begin ] --END-- [ RunTime:0.000976s ]
ERR: 非法操作:index.js

[ 2019-03-27T18:08:25+08:00 ] 127.0.0.1 /index.php/Admin/Index/index.css
INFO: [ app_init ] --START--
INFO: Run Behavior\BuildLiteBehavior [ RunTime:0.000000s ]
INFO: [ app_init ] --END-- [ RunTime:0.000976s ]
INFO: [ app_begin ] --START--
INFO: Run Behavior\ReadHtmlCacheBehavior [ RunTime:0.000000s ]
INFO: [ app_begin ] --END-- [ RunTime:0.000000s ]
ERR: 非法操作:index.css

[ 2019-03-27T18:08:25+08:00 ] 127.0.0.1 /index.php/Admin/Index/index.js
INFO: [ app_init ] --START--
INFO: Run Behavior\BuildLiteBehavior [ RunTime:0.000000s ]
INFO: [ app_init ] --END-- [ RunTime:0.000977s ]
INFO: [ app_begin ] --START--
INFO: Run Behavior\ReadHtmlCacheBehavior [ RunTime:0.000976s ]
INFO: [ app_begin ] --END-- [ RunTime:0.000976s ]
ERR: 非法操作:index.js

[ 2019-03-27T18:08:25+08:00 ] 127.0.0.1 /index.php/Admin/Index/index
INFO: [ app_init ] --START--
INFO: Run Behavior\BuildLiteBehavior [ RunTime:0.000000s ]
INFO: [ app_init ] --END-- [ RunTime:0.000976s ]
INFO: [ app_begin ] --START--
INFO: Run Behavior\ReadHtmlCacheBehavior [ RunTime:0.000977s ]
INFO: [ app_begin ] --END-- [ RunTime:0.000977s ]
INFO: [ view_parse ] --START--
NOTIC: [8] Undefined index: Think D:\WWW\open\Application\Runtime\Cache\fcd08bbd10c5b207505995d7de2e17b120fb0362.file.index.html.php 第 33 行.
NOTIC: [8] Trying to get property of non-object D:\WWW\open\Application\Runtime\Cache\fcd08bbd10c5b207505995d7de2e17b120fb0362.file.index.html.php 第 33 行.
NOTIC: [8] Undefined index: Think D:\WWW\open\Application\Runtime\Cache\fcd08bbd10c5b207505995d7de2e17b120fb0362.file.index.html.php 第 36 行.
NOTIC: [8] Trying to get property of non-object D:\WWW\open\Application\Runtime\Cache\fcd08bbd10c5b207505995d7de2e17b120fb0362.file.index.html.php 第 36 行.
INFO: Run Behavior\ParseTemplateBehavior [ RunTime:0.008789s ]
INFO: [ view_parse ] --END-- [ RunTime:0.008789s ]
INFO: [ view_filter ] --START--
INFO: Run Behavior\WriteHtmlCacheBehavior [ RunTime:0.000000s ]
INFO: [ view_filter ] --END-- [ RunTime:0.000000s ]
INFO: [ app_end ] --START--
INFO: Run Behavior\ShowPageTraceBehavior [ RunTime:0.000977s ]
INFO: [ app_end ] --END-- [ RunTime:0.000977s ]

[ 2019-03-27T18:08:26+08:00 ] 127.0.0.1 /index.php/Admin/Index/index.css
INFO: [ app_init ] --START--
INFO: Run Behavior\BuildLiteBehavior [ RunTime:0.000000s ]
INFO: [ app_init ] --END-- [ RunTime:0.000000s ]
INFO: [ app_begin ] --START--
INFO: Run Behavior\ReadHtmlCacheBehavior [ RunTime:0.000000s ]
INFO: [ app_begin ] --END-- [ RunTime:0.000977s ]
ERR: 非法操作:index.css

[ 2019-03-27T18:08:26+08:00 ] 127.0.0.1 /index.php/Admin/Index/index.js
INFO: [ app_init ] --START--
INFO: Run Behavior\BuildLiteBehavior [ RunTime:0.000000s ]
INFO: [ app_init ] --END-- [ RunTime:0.000977s ]
INFO: [ app_begin ] --START--
INFO: Run Behavior\ReadHtmlCacheBehavior [ RunTime:0.000000s ]
INFO: [ app_begin ] --END-- [ RunTime:0.000976s ]
ERR: 非法操作:index.js

[ 2019-03-27T18:08:26+08:00 ] 127.0.0.1 /index.php/Admin/Index/index.js
INFO: [ app_init ] --START--
INFO: Run Behavior\BuildLiteBehavior [ RunTime:0.000000s ]
INFO: [ app_init ] --END-- [ RunTime:0.000976s ]
INFO: [ app_begin ] --START--
INFO: Run Behavior\ReadHtmlCacheBehavior [ RunTime:0.000977s ]
INFO: [ app_begin ] --END-- [ RunTime:0.001953s ]
ERR: 非法操作:index.js

[ 2019-03-27T18:09:11+08:00 ] 127.0.0.1 /index.php/Admin/Index/index
INFO: [ app_init ] --START--
INFO: Run Behavior\BuildLiteBehavior [ RunTime:0.000000s ]
INFO: [ app_init ] --END-- [ RunTime:0.000976s ]
INFO: [ app_begin ] --START--
INFO: Run Behavior\ReadHtmlCacheBehavior [ RunTime:0.000977s ]
INFO: [ app_begin ] --END-- [ RunTime:0.000977s ]
INFO: [ view_parse ] --START--
NOTIC: [8] Undefined index: Think D:\WWW\open\Application\Runtime\Cache\fcd08bbd10c5b207505995d7de2e17b120fb0362.file.index.html.php 第 33 行.
NOTIC: [8] Trying to get property of non-object D:\WWW\open\Application\Runtime\Cache\fcd08bbd10c5b207505995d7de2e17b120fb0362.file.index.html.php 第 33 行.
NOTIC: [8] Undefined index: Think D:\WWW\open\Application\Runtime\Cache\fcd08bbd10c5b207505995d7de2e17b120fb0362.file.index.html.php 第 35 行.
NOTIC: [8] Trying to get property of non-object D:\WWW\open\Application\Runtime\Cache\fcd08bbd10c5b207505995d7de2e17b120fb0362.file.index.html.php 第 35 行.
NOTIC: [8] Undefined index: Think D:\WWW\open\Application\Runtime\Cache\fcd08bbd10c5b207505995d7de2e17b120fb0362.file.index.html.php 第 38 行.
NOTIC: [8] Trying to get property of non-object D:\WWW\open\Application\Runtime\Cache\fcd08bbd10c5b207505995d7de2e17b120fb0362.file.index.html.php 第 38 行.
INFO: Run Behavior\ParseTemplateBehavior [ RunTime:0.056641s ]
INFO: [ view_parse ] --END-- [ RunTime:0.056641s ]
INFO: [ view_filter ] --START--
INFO: Run Behavior\WriteHtmlCacheBehavior [ RunTime:0.000977s ]
INFO: [ view_filter ] --END-- [ RunTime:0.000977s ]
INFO: [ app_end ] --START--
INFO: Run Behavior\ShowPageTraceBehavior [ RunTime:0.000000s ]
INFO: [ app_end ] --END-- [ RunTime:0.000000s ]

[ 2019-03-27T18:09:11+08:00 ] 127.0.0.1 /index.php/Admin/Index/index.js
INFO: [ app_init ] --START--
INFO: Run Behavior\BuildLiteBehavior [ RunTime:0.000000s ]
INFO: [ app_init ] --END-- [ RunTime:0.000000s ]
INFO: [ app_begin ] --START--
INFO: Run Behavior\ReadHtmlCacheBehavior [ RunTime:0.000976s ]
INFO: [ app_begin ] --END-- [ RunTime:0.000976s ]
ERR: 非法操作:index.js

[ 2019-03-27T18:09:11+08:00 ] 127.0.0.1 /index.php/Admin/Index/index.css
INFO: [ app_init ] --START--
INFO: Run Behavior\BuildLiteBehavior [ RunTime:0.000000s ]
INFO: [ app_init ] --END-- [ RunTime:0.000977s ]
INFO: [ app_begin ] --START--
INFO: Run Behavior\ReadHtmlCacheBehavior [ RunTime:0.000977s ]
INFO: [ app_begin ] --END-- [ RunTime:0.001953s ]
ERR: 非法操作:index.css

[ 2019-03-27T18:09:11+08:00 ] 127.0.0.1 /index.php/Admin/Index/index.js
INFO: [ app_init ] --START--
INFO: Run Behavior\BuildLiteBehavior [ RunTime:0.000000s ]
INFO: [ app_init ] --END-- [ RunTime:0.000000s ]
INFO: [ app_begin ] --START--
INFO: Run Behavior\ReadHtmlCacheBehavior [ RunTime:0.000000s ]
INFO: [ app_begin ] --END-- [ RunTime:0.000000s ]
ERR: 非法操作:index.js

[ 2019-03-27T18:09:16+08:00 ] 127.0.0.1 /index.php/Admin/Index/index
INFO: [ app_init ] --START--
INFO: Run Behavior\BuildLiteBehavior [ RunTime:0.000000s ]
INFO: [ app_init ] --END-- [ RunTime:0.000977s ]
INFO: [ app_begin ] --START--
INFO: Run Behavior\ReadHtmlCacheBehavior [ RunTime:0.000000s ]
INFO: [ app_begin ] --END-- [ RunTime:0.000000s ]
INFO: [ view_parse ] --START--
NOTIC: [8] Undefined index: Think D:\WWW\open\Application\Runtime\Cache\fcd08bbd10c5b207505995d7de2e17b120fb0362.file.index.html.php 第 33 行.
NOTIC: [8] Trying to get property of non-object D:\WWW\open\Application\Runtime\Cache\fcd08bbd10c5b207505995d7de2e17b120fb0362.file.index.html.php 第 33 行.
NOTIC: [8] Undefined index: Think D:\WWW\open\Application\Runtime\Cache\fcd08bbd10c5b207505995d7de2e17b120fb0362.file.index.html.php 第 35 行.
NOTIC: [8] Trying to get property of non-object D:\WWW\open\Application\Runtime\Cache\fcd08bbd10c5b207505995d7de2e17b120fb0362.file.index.html.php 第 35 行.
NOTIC: [8] Undefined index: Think D:\WWW\open\Application\Runtime\Cache\fcd08bbd10c5b207505995d7de2e17b120fb0362.file.index.html.php 第 38 行.
NOTIC: [8] Trying to get property of non-object D:\WWW\open\Application\Runtime\Cache\fcd08bbd10c5b207505995d7de2e17b120fb0362.file.index.html.php 第 38 行.
INFO: Run Behavior\ParseTemplateBehavior [ RunTime:0.010742s ]
INFO: [ view_parse ] --END-- [ RunTime:0.010742s ]
INFO: [ view_filter ] --START--
INFO: Run Behavior\WriteHtmlCacheBehavior [ RunTime:0.000977s ]
INFO: [ view_filter ] --END-- [ RunTime:0.000977s ]
INFO: [ app_end ] --START--
INFO: Run Behavior\ShowPageTraceBehavior [ RunTime:0.000000s ]
INFO: [ app_end ] --END-- [ RunTime:0.000000s ]

[ 2019-03-27T18:09:16+08:00 ] 127.0.0.1 /index.php/Admin/Index/index.css
INFO: [ app_init ] --START--
INFO: Run Behavior\BuildLiteBehavior [ RunTime:0.000000s ]
INFO: [ app_init ] --END-- [ RunTime:0.000000s ]
INFO: [ app_begin ] --START--
INFO: Run Behavior\ReadHtmlCacheBehavior [ RunTime:0.000976s ]
INFO: [ app_begin ] --END-- [ RunTime:0.000976s ]
ERR: 非法操作:index.css

[ 2019-03-27T18:09:16+08:00 ] 127.0.0.1 /index.php/Admin/Index/index.js
INFO: [ app_init ] --START--
INFO: Run Behavior\BuildLiteBehavior [ RunTime:0.000000s ]
INFO: [ app_init ] --END-- [ RunTime:0.000000s ]
INFO: [ app_begin ] --START--
INFO: Run Behavior\ReadHtmlCacheBehavior [ RunTime:0.000000s ]
INFO: [ app_begin ] --END-- [ RunTime:0.000000s ]
ERR: 非法操作:index.js

[ 2019-03-27T18:09:16+08:00 ] 127.0.0.1 /index.php/Admin/Index/index
INFO: [ app_init ] --START--
INFO: Run Behavior\BuildLiteBehavior [ RunTime:0.000000s ]
INFO: [ app_init ] --END-- [ RunTime:0.000977s ]
INFO: [ app_begin ] --START--
INFO: Run Behavior\ReadHtmlCacheBehavior [ RunTime:0.000976s ]
INFO: [ app_begin ] --END-- [ RunTime:0.000976s ]
INFO: [ view_parse ] --START--
NOTIC: [8] Undefined index: Think D:\WWW\open\Application\Runtime\Cache\fcd08bbd10c5b207505995d7de2e17b120fb0362.file.index.html.php 第 33 行.
NOTIC: [8] Trying to get property of non-object D:\WWW\open\Application\Runtime\Cache\fcd08bbd10c5b207505995d7de2e17b120fb0362.file.index.html.php 第 33 行.
NOTIC: [8] Undefined index: Think D:\WWW\open\Application\Runtime\Cache\fcd08bbd10c5b207505995d7de2e17b120fb0362.file.index.html.php 第 35 行.
NOTIC: [8] Trying to get property of non-object D:\WWW\open\Application\Runtime\Cache\fcd08bbd10c5b207505995d7de2e17b120fb0362.file.index.html.php 第 35 行.
NOTIC: [8] Undefined index: Think D:\WWW\open\Application\Runtime\Cache\fcd08bbd10c5b207505995d7de2e17b120fb0362.file.index.html.php 第 38 行.
NOTIC: [8] Trying to get property of non-object D:\WWW\open\Application\Runtime\Cache\fcd08bbd10c5b207505995d7de2e17b120fb0362.file.index.html.php 第 38 行.
INFO: Run Behavior\ParseTemplateBehavior [ RunTime:0.009766s ]
INFO: [ view_parse ] --END-- [ RunTime:0.009766s ]
INFO: [ view_filter ] --START--
INFO: Run Behavior\WriteHtmlCacheBehavior [ RunTime:0.000000s ]
INFO: [ view_filter ] --END-- [ RunTime:0.000000s ]
INFO: [ app_end ] --START--
INFO: Run Behavior\ShowPageTraceBehavior [ RunTime:0.000976s ]
INFO: [ app_end ] --END-- [ RunTime:0.000976s ]

[ 2019-03-27T18:09:16+08:00 ] 127.0.0.1 /index.php/Admin/Index/index.css
INFO: [ app_init ] --START--
INFO: Run Behavior\BuildLiteBehavior [ RunTime:0.000000s ]
INFO: [ app_init ] --END-- [ RunTime:0.000000s ]
INFO: [ app_begin ] --START--
INFO: Run Behavior\ReadHtmlCacheBehavior [ RunTime:0.000000s ]
INFO: [ app_begin ] --END-- [ RunTime:0.000977s ]
ERR: 非法操作:index.css

[ 2019-03-27T18:09:16+08:00 ] 127.0.0.1 /index.php/Admin/Index/index.js
INFO: [ app_init ] --START--
INFO: Run Behavior\BuildLiteBehavior [ RunTime:0.000000s ]
INFO: [ app_init ] --END-- [ RunTime:0.000000s ]
INFO: [ app_begin ] --START--
INFO: Run Behavior\ReadHtmlCacheBehavior [ RunTime:0.000976s ]
INFO: [ app_begin ] --END-- [ RunTime:0.000976s ]
ERR: 非法操作:index.js

[ 2019-03-27T18:09:16+08:00 ] 127.0.0.1 /index.php/Admin/Index/index
INFO: [ app_init ] --START--
INFO: Run Behavior\BuildLiteBehavior [ RunTime:0.000000s ]
INFO: [ app_init ] --END-- [ RunTime:0.000976s ]
INFO: [ app_begin ] --START--
INFO: Run Behavior\ReadHtmlCacheBehavior [ RunTime:0.000976s ]
INFO: [ app_begin ] --END-- [ RunTime:0.000976s ]
INFO: [ view_parse ] --START--
NOTIC: [8] Undefined index: Think D:\WWW\open\Application\Runtime\Cache\fcd08bbd10c5b207505995d7de2e17b120fb0362.file.index.html.php 第 33 行.
NOTIC: [8] Trying to get property of non-object D:\WWW\open\Application\Runtime\Cache\fcd08bbd10c5b207505995d7de2e17b120fb0362.file.index.html.php 第 33 行.
NOTIC: [8] Undefined index: Think D:\WWW\open\Application\Runtime\Cache\fcd08bbd10c5b207505995d7de2e17b120fb0362.file.index.html.php 第 35 行.
NOTIC: [8] Trying to get property of non-object D:\WWW\open\Application\Runtime\Cache\fcd08bbd10c5b207505995d7de2e17b120fb0362.file.index.html.php 第 35 行.
NOTIC: [8] Undefined index: Think D:\WWW\open\Application\Runtime\Cache\fcd08bbd10c5b207505995d7de2e17b120fb0362.file.index.html.php 第 38 行.
NOTIC: [8] Trying to get property of non-object D:\WWW\open\Application\Runtime\Cache\fcd08bbd10c5b207505995d7de2e17b120fb0362.file.index.html.php 第 38 行.
INFO: Run Behavior\ParseTemplateBehavior [ RunTime:0.010742s ]
INFO: [ view_parse ] --END-- [ RunTime:0.010742s ]
INFO: [ view_filter ] --START--
INFO: Run Behavior\WriteHtmlCacheBehavior [ RunTime:0.000000s ]
INFO: [ view_filter ] --END-- [ RunTime:0.000976s ]
INFO: [ app_end ] --START--
INFO: Run Behavior\ShowPageTraceBehavior [ RunTime:0.000977s ]
INFO: [ app_end ] --END-- [ RunTime:0.000977s ]

[ 2019-03-27T18:09:16+08:00 ] 127.0.0.1 /index.php/Admin/Index/index.js
INFO: [ app_init ] --START--
INFO: Run Behavior\BuildLiteBehavior [ RunTime:0.000000s ]
INFO: [ app_init ] --END-- [ RunTime:0.000000s ]
INFO: [ app_begin ] --START--
INFO: Run Behavior\ReadHtmlCacheBehavior [ RunTime:0.000976s ]
INFO: [ app_begin ] --END-- [ RunTime:0.000976s ]
ERR: 非法操作:index.js

[ 2019-03-27T18:09:16+08:00 ] 127.0.0.1 /index.php/Admin/Index/index.css
INFO: [ app_init ] --START--
INFO: Run Behavior\BuildLiteBehavior [ RunTime:0.000000s ]
INFO: [ app_init ] --END-- [ RunTime:0.000976s ]
INFO: [ app_begin ] --START--
INFO: Run Behavior\ReadHtmlCacheBehavior [ RunTime:0.000977s ]
INFO: [ app_begin ] --END-- [ RunTime:0.000977s ]
ERR: 非法操作:index.css

[ 2019-03-27T18:09:16+08:00 ] 127.0.0.1 /index.php/Admin/Index/index.js
INFO: [ app_init ] --START--
INFO: Run Behavior\BuildLiteBehavior [ RunTime:0.000000s ]
INFO: [ app_init ] --END-- [ RunTime:0.001953s ]
INFO: [ app_begin ] --START--
INFO: Run Behavior\ReadHtmlCacheBehavior [ RunTime:0.000977s ]
INFO: [ app_begin ] --END-- [ RunTime:0.000977s ]
ERR: 非法操作:index.js

[ 2019-03-27T18:09:16+08:00 ] 127.0.0.1 /index.php/Admin/Index/index
INFO: [ app_init ] --START--
INFO: Run Behavior\BuildLiteBehavior [ RunTime:0.000000s ]
INFO: [ app_init ] --END-- [ RunTime:0.000977s ]
INFO: [ app_begin ] --START--
INFO: Run Behavior\ReadHtmlCacheBehavior [ RunTime:0.000000s ]
INFO: [ app_begin ] --END-- [ RunTime:0.000976s ]
INFO: [ view_parse ] --START--
NOTIC: [8] Undefined index: Think D:\WWW\open\Application\Runtime\Cache\fcd08bbd10c5b207505995d7de2e17b120fb0362.file.index.html.php 第 33 行.
NOTIC: [8] Trying to get property of non-object D:\WWW\open\Application\Runtime\Cache\fcd08bbd10c5b207505995d7de2e17b120fb0362.file.index.html.php 第 33 行.
NOTIC: [8] Undefined index: Think D:\WWW\open\Application\Runtime\Cache\fcd08bbd10c5b207505995d7de2e17b120fb0362.file.index.html.php 第 35 行.
NOTIC: [8] Trying to get property of non-object D:\WWW\open\Application\Runtime\Cache\fcd08bbd10c5b207505995d7de2e17b120fb0362.file.index.html.php 第 35 行.
NOTIC: [8] Undefined index: Think D:\WWW\open\Application\Runtime\Cache\fcd08bbd10c5b207505995d7de2e17b120fb0362.file.index.html.php 第 38 行.
NOTIC: [8] Trying to get property of non-object D:\WWW\open\Application\Runtime\Cache\fcd08bbd10c5b207505995d7de2e17b120fb0362.file.index.html.php 第 38 行.
INFO: Run Behavior\ParseTemplateBehavior [ RunTime:0.011719s ]
INFO: [ view_parse ] --END-- [ RunTime:0.011719s ]
INFO: [ view_filter ] --START--
INFO: Run Behavior\WriteHtmlCacheBehavior [ RunTime:0.000000s ]
INFO: [ view_filter ] --END-- [ RunTime:0.000000s ]
INFO: [ app_end ] --START--
INFO: Run Behavior\ShowPageTraceBehavior [ RunTime:0.000976s ]
INFO: [ app_end ] --END-- [ RunTime:0.000976s ]

[ 2019-03-27T18:09:16+08:00 ] 127.0.0.1 /index.php/Admin/Index/index.css
INFO: [ app_init ] --START--
INFO: Run Behavior\BuildLiteBehavior [ RunTime:0.000000s ]
INFO: [ app_init ] --END-- [ RunTime:0.000977s ]
INFO: [ app_begin ] --START--
INFO: Run Behavior\ReadHtmlCacheBehavior [ RunTime:0.000976s ]
INFO: [ app_begin ] --END-- [ RunTime:0.000976s ]
ERR: 非法操作:index.css

[ 2019-03-27T18:09:16+08:00 ] 127.0.0.1 /index.php/Admin/Index/index.js
INFO: [ app_init ] --START--
INFO: Run Behavior\BuildLiteBehavior [ RunTime:0.000000s ]
INFO: [ app_init ] --END-- [ RunTime:0.000977s ]
INFO: [ app_begin ] --START--
INFO: Run Behavior\ReadHtmlCacheBehavior [ RunTime:0.000976s ]
INFO: [ app_begin ] --END-- [ RunTime:0.000976s ]
ERR: 非法操作:index.js

[ 2019-03-27T18:09:22+08:00 ] 127.0.0.1 /index.php/Admin/Index/index
INFO: [ app_init ] --START--
INFO: Run Behavior\BuildLiteBehavior [ RunTime:0.000000s ]
INFO: [ app_init ] --END-- [ RunTime:0.000000s ]
INFO: [ app_begin ] --START--
INFO: Run Behavior\ReadHtmlCacheBehavior [ RunTime:0.000977s ]
INFO: [ app_begin ] --END-- [ RunTime:0.000977s ]
INFO: [ view_parse ] --START--
NOTIC: [8] Undefined index: Think D:\WWW\open\Application\Runtime\Cache\fcd08bbd10c5b207505995d7de2e17b120fb0362.file.index.html.php 第 34 行.
NOTIC: [8] Trying to get property of non-object D:\WWW\open\Application\Runtime\Cache\fcd08bbd10c5b207505995d7de2e17b120fb0362.file.index.html.php 第 34 行.
NOTIC: [8] Undefined index: Think D:\WWW\open\Application\Runtime\Cache\fcd08bbd10c5b207505995d7de2e17b120fb0362.file.index.html.php 第 37 行.
NOTIC: [8] Trying to get property of non-object D:\WWW\open\Application\Runtime\Cache\fcd08bbd10c5b207505995d7de2e17b120fb0362.file.index.html.php 第 37 行.
NOTIC: [8] Undefined index: Think D:\WWW\open\Application\Runtime\Cache\fcd08bbd10c5b207505995d7de2e17b120fb0362.file.index.html.php 第 41 行.
NOTIC: [8] Trying to get property of non-object D:\WWW\open\Application\Runtime\Cache\fcd08bbd10c5b207505995d7de2e17b120fb0362.file.index.html.php 第 41 行.
INFO: Run Behavior\ParseTemplateBehavior [ RunTime:0.052735s ]
INFO: [ view_parse ] --END-- [ RunTime:0.052735s ]
INFO: [ view_filter ] --START--
INFO: Run Behavior\WriteHtmlCacheBehavior [ RunTime:0.000976s ]
INFO: [ view_filter ] --END-- [ RunTime:0.000976s ]
INFO: [ app_end ] --START--
INFO: Run Behavior\ShowPageTraceBehavior [ RunTime:0.000977s ]
INFO: [ app_end ] --END-- [ RunTime:0.000977s ]

[ 2019-03-27T18:09:22+08:00 ] 127.0.0.1 /index.php/Admin/Index/index.js
INFO: [ app_init ] --START--
INFO: Run Behavior\BuildLiteBehavior [ RunTime:0.000000s ]
INFO: [ app_init ] --END-- [ RunTime:0.000000s ]
INFO: [ app_begin ] --START--
INFO: Run Behavior\ReadHtmlCacheBehavior [ RunTime:0.000000s ]
INFO: [ app_begin ] --END-- [ RunTime:0.000976s ]
ERR: 非法操作:index.js

[ 2019-03-27T18:09:22+08:00 ] 127.0.0.1 /index.php/Admin/Index/index.css
INFO: [ app_init ] --START--
INFO: Run Behavior\BuildLiteBehavior [ RunTime:0.000000s ]
INFO: [ app_init ] --END-- [ RunTime:0.000000s ]
INFO: [ app_begin ] --START--
INFO: Run Behavior\ReadHtmlCacheBehavior [ RunTime:0.000977s ]
INFO: [ app_begin ] --END-- [ RunTime:0.000977s ]
ERR: 非法操作:index.css

[ 2019-03-27T18:09:22+08:00 ] 127.0.0.1 /index.php/Admin/Index/index.js
INFO: [ app_init ] --START--
INFO: Run Behavior\BuildLiteBehavior [ RunTime:0.000000s ]
INFO: [ app_init ] --END-- [ RunTime:0.000000s ]
INFO: [ app_begin ] --START--
INFO: Run Behavior\ReadHtmlCacheBehavior [ RunTime:0.000976s ]
INFO: [ app_begin ] --END-- [ RunTime:0.000976s ]
ERR: 非法操作:index.js

[ 2019-03-27T18:09:23+08:00 ] 127.0.0.1 /index.php/Admin/Index/index
INFO: [ app_init ] --START--
INFO: Run Behavior\BuildLiteBehavior [ RunTime:0.000000s ]
INFO: [ app_init ] --END-- [ RunTime:0.000000s ]
INFO: [ app_begin ] --START--
INFO: Run Behavior\ReadHtmlCacheBehavior [ RunTime:0.000000s ]
INFO: [ app_begin ] --END-- [ RunTime:0.000000s ]
INFO: [ view_parse ] --START--
NOTIC: [8] Undefined index: Think D:\WWW\open\Application\Runtime\Cache\fcd08bbd10c5b207505995d7de2e17b120fb0362.file.index.html.php 第 34 行.
NOTIC: [8] Trying to get property of non-object D:\WWW\open\Application\Runtime\Cache\fcd08bbd10c5b207505995d7de2e17b120fb0362.file.index.html.php 第 34 行.
NOTIC: [8] Undefined index: Think D:\WWW\open\Application\Runtime\Cache\fcd08bbd10c5b207505995d7de2e17b120fb0362.file.index.html.php 第 37 行.
NOTIC: [8] Trying to get property of non-object D:\WWW\open\Application\Runtime\Cache\fcd08bbd10c5b207505995d7de2e17b120fb0362.file.index.html.php 第 37 行.
NOTIC: [8] Undefined index: Think D:\WWW\open\Application\Runtime\Cache\fcd08bbd10c5b207505995d7de2e17b120fb0362.file.index.html.php 第 41 行.
NOTIC: [8] Trying to get property of non-object D:\WWW\open\Application\Runtime\Cache\fcd08bbd10c5b207505995d7de2e17b120fb0362.file.index.html.php 第 41 行.
INFO: Run Behavior\ParseTemplateBehavior [ RunTime:0.011719s ]
INFO: [ view_parse ] --END-- [ RunTime:0.011719s ]
INFO: [ view_filter ] --START--
INFO: Run Behavior\WriteHtmlCacheBehavior [ RunTime:0.000000s ]
INFO: [ view_filter ] --END-- [ RunTime:0.000000s ]
INFO: [ app_end ] --START--
INFO: Run Behavior\ShowPageTraceBehavior [ RunTime:0.000977s ]
INFO: [ app_end ] --END-- [ RunTime:0.000977s ]

[ 2019-03-27T18:09:23+08:00 ] 127.0.0.1 /index.php/Admin/Index/index.css
INFO: [ app_init ] --START--
INFO: Run Behavior\BuildLiteBehavior [ RunTime:0.000000s ]
INFO: [ app_init ] --END-- [ RunTime:0.000976s ]
INFO: [ app_begin ] --START--
INFO: Run Behavior\ReadHtmlCacheBehavior [ RunTime:0.000976s ]
INFO: [ app_begin ] --END-- [ RunTime:0.000976s ]
ERR: 非法操作:index.css

[ 2019-03-27T18:09:23+08:00 ] 127.0.0.1 /index.php/Admin/Index/index.js
INFO: [ app_init ] --START--
INFO: Run Behavior\BuildLiteBehavior [ RunTime:0.000000s ]
INFO: [ app_init ] --END-- [ RunTime:0.000000s ]
INFO: [ app_begin ] --START--
INFO: Run Behavior\ReadHtmlCacheBehavior [ RunTime:0.000976s ]
INFO: [ app_begin ] --END-- [ RunTime:0.000976s ]
ERR: 非法操作:index.js

[ 2019-03-27T18:09:23+08:00 ] 127.0.0.1 /index.php/Admin/Index/index
INFO: [ app_init ] --START--
INFO: Run Behavior\BuildLiteBehavior [ RunTime:0.000000s ]
INFO: [ app_init ] --END-- [ RunTime:0.000977s ]
INFO: [ app_begin ] --START--
INFO: Run Behavior\ReadHtmlCacheBehavior [ RunTime:0.000976s ]
INFO: [ app_begin ] --END-- [ RunTime:0.000976s ]
INFO: [ view_parse ] --START--
NOTIC: [8] Undefined index: Think D:\WWW\open\Application\Runtime\Cache\fcd08bbd10c5b207505995d7de2e17b120fb0362.file.index.html.php 第 34 行.
NOTIC: [8] Trying to get property of non-object D:\WWW\open\Application\Runtime\Cache\fcd08bbd10c5b207505995d7de2e17b120fb0362.file.index.html.php 第 34 行.
NOTIC: [8] Undefined index: Think D:\WWW\open\Application\Runtime\Cache\fcd08bbd10c5b207505995d7de2e17b120fb0362.file.index.html.php 第 37 行.
NOTIC: [8] Trying to get property of non-object D:\WWW\open\Application\Runtime\Cache\fcd08bbd10c5b207505995d7de2e17b120fb0362.file.index.html.php 第 37 行.
NOTIC: [8] Undefined index: Think D:\WWW\open\Application\Runtime\Cache\fcd08bbd10c5b207505995d7de2e17b120fb0362.file.index.html.php 第 41 行.
NOTIC: [8] Trying to get property of non-object D:\WWW\open\Application\Runtime\Cache\fcd08bbd10c5b207505995d7de2e17b120fb0362.file.index.html.php 第 41 行.
INFO: Run Behavior\ParseTemplateBehavior [ RunTime:0.009766s ]
INFO: [ view_parse ] --END-- [ RunTime:0.009766s ]
INFO: [ view_filter ] --START--
INFO: Run Behavior\WriteHtmlCacheBehavior [ RunTime:0.000976s ]
INFO: [ view_filter ] --END-- [ RunTime:0.000976s ]
INFO: [ app_end ] --START--
INFO: Run Behavior\ShowPageTraceBehavior [ RunTime:0.000977s ]
INFO: [ app_end ] --END-- [ RunTime:0.000977s ]

[ 2019-03-27T18:09:23+08:00 ] 127.0.0.1 /index.php/Admin/Index/index.css
INFO: [ app_init ] --START--
INFO: Run Behavior\BuildLiteBehavior [ RunTime:0.000000s ]
INFO: [ app_init ] --END-- [ RunTime:0.000977s ]
INFO: [ app_begin ] --START--
INFO: Run Behavior\ReadHtmlCacheBehavior [ RunTime:0.000977s ]
INFO: [ app_begin ] --END-- [ RunTime:0.000977s ]
ERR: 非法操作:index.css

[ 2019-03-27T18:09:23+08:00 ] 127.0.0.1 /index.php/Admin/Index/index.js
INFO: [ app_init ] --START--
INFO: Run Behavior\BuildLiteBehavior [ RunTime:0.000000s ]
INFO: [ app_init ] --END-- [ RunTime:0.000976s ]
INFO: [ app_begin ] --START--
INFO: Run Behavior\ReadHtmlCacheBehavior [ RunTime:0.000976s ]
INFO: [ app_begin ] --END-- [ RunTime:0.000976s ]
ERR: 非法操作:index.js

[ 2019-03-27T18:09:23+08:00 ] 127.0.0.1 /index.php/Admin/Index/index
INFO: [ app_init ] --START--
INFO: Run Behavior\BuildLiteBehavior [ RunTime:0.000000s ]
INFO: [ app_init ] --END-- [ RunTime:0.000977s ]
INFO: [ app_begin ] --START--
INFO: Run Behavior\ReadHtmlCacheBehavior [ RunTime:0.000000s ]
INFO: [ app_begin ] --END-- [ RunTime:0.000977s ]
INFO: [ view_parse ] --START--
NOTIC: [8] Undefined index: Think D:\WWW\open\Application\Runtime\Cache\fcd08bbd10c5b207505995d7de2e17b120fb0362.file.index.html.php 第 34 行.
NOTIC: [8] Trying to get property of non-object D:\WWW\open\Application\Runtime\Cache\fcd08bbd10c5b207505995d7de2e17b120fb0362.file.index.html.php 第 34 行.
NOTIC: [8] Undefined index: Think D:\WWW\open\Application\Runtime\Cache\fcd08bbd10c5b207505995d7de2e17b120fb0362.file.index.html.php 第 37 行.
NOTIC: [8] Trying to get property of non-object D:\WWW\open\Application\Runtime\Cache\fcd08bbd10c5b207505995d7de2e17b120fb0362.file.index.html.php 第 37 行.
NOTIC: [8] Undefined index: Think D:\WWW\open\Application\Runtime\Cache\fcd08bbd10c5b207505995d7de2e17b120fb0362.file.index.html.php 第 41 行.
NOTIC: [8] Trying to get property of non-object D:\WWW\open\Application\Runtime\Cache\fcd08bbd10c5b207505995d7de2e17b120fb0362.file.index.html.php 第 41 行.
INFO: Run Behavior\ParseTemplateBehavior [ RunTime:0.010743s ]
INFO: [ view_parse ] --END-- [ RunTime:0.010743s ]
INFO: [ view_filter ] --START--
INFO: Run Behavior\WriteHtmlCacheBehavior [ RunTime:0.000000s ]
INFO: [ view_filter ] --END-- [ RunTime:0.000000s ]
INFO: [ app_end ] --START--
INFO: Run Behavior\ShowPageTraceBehavior [ RunTime:0.000976s ]
INFO: [ app_end ] --END-- [ RunTime:0.000976s ]

[ 2019-03-27T18:09:23+08:00 ] 127.0.0.1 /index.php/Admin/Index/index.js
INFO: [ app_init ] --START--
INFO: Run Behavior\BuildLiteBehavior [ RunTime:0.000000s ]
INFO: [ app_init ] --END-- [ RunTime:0.000976s ]
INFO: [ app_begin ] --START--
INFO: Run Behavior\ReadHtmlCacheBehavior [ RunTime:0.000000s ]
INFO: [ app_begin ] --END-- [ RunTime:0.000000s ]
ERR: 非法操作:index.js

[ 2019-03-27T18:09:23+08:00 ] 127.0.0.1 /index.php/Admin/Index/index.css
INFO: [ app_init ] --START--
INFO: Run Behavior\BuildLiteBehavior [ RunTime:0.000000s ]
INFO: [ app_init ] --END-- [ RunTime:0.000000s ]
INFO: [ app_begin ] --START--
INFO: Run Behavior\ReadHtmlCacheBehavior [ RunTime:0.000977s ]
INFO: [ app_begin ] --END-- [ RunTime:0.000977s ]
ERR: 非法操作:index.css

[ 2019-03-27T18:09:23+08:00 ] 127.0.0.1 /index.php/Admin/Index/index.js
INFO: [ app_init ] --START--
INFO: Run Behavior\BuildLiteBehavior [ RunTime:0.000000s ]
INFO: [ app_init ] --END-- [ RunTime:0.000976s ]
INFO: [ app_begin ] --START--
INFO: Run Behavior\ReadHtmlCacheBehavior [ RunTime:0.000000s ]
INFO: [ app_begin ] --END-- [ RunTime:0.000000s ]
ERR: 非法操作:index.js

[ 2019-03-27T18:09:23+08:00 ] 127.0.0.1 /index.php/Admin/Index/index
INFO: [ app_init ] --START--
INFO: Run Behavior\BuildLiteBehavior [ RunTime:0.000000s ]
INFO: [ app_init ] --END-- [ RunTime:0.000000s ]
INFO: [ app_begin ] --START--
INFO: Run Behavior\ReadHtmlCacheBehavior [ RunTime:0.000000s ]
INFO: [ app_begin ] --END-- [ RunTime:0.000000s ]
INFO: [ view_parse ] --START--
NOTIC: [8] Undefined index: Think D:\WWW\open\Application\Runtime\Cache\fcd08bbd10c5b207505995d7de2e17b120fb0362.file.index.html.php 第 34 行.
NOTIC: [8] Trying to get property of non-object D:\WWW\open\Application\Runtime\Cache\fcd08bbd10c5b207505995d7de2e17b120fb0362.file.index.html.php 第 34 行.
NOTIC: [8] Undefined index: Think D:\WWW\open\Application\Runtime\Cache\fcd08bbd10c5b207505995d7de2e17b120fb0362.file.index.html.php 第 37 行.
NOTIC: [8] Trying to get property of non-object D:\WWW\open\Application\Runtime\Cache\fcd08bbd10c5b207505995d7de2e17b120fb0362.file.index.html.php 第 37 行.
NOTIC: [8] Undefined index: Think D:\WWW\open\Application\Runtime\Cache\fcd08bbd10c5b207505995d7de2e17b120fb0362.file.index.html.php 第 41 行.
NOTIC: [8] Trying to get property of non-object D:\WWW\open\Application\Runtime\Cache\fcd08bbd10c5b207505995d7de2e17b120fb0362.file.index.html.php 第 41 行.
INFO: Run Behavior\ParseTemplateBehavior [ RunTime:0.012695s ]
INFO: [ view_parse ] --END-- [ RunTime:0.012695s ]
INFO: [ view_filter ] --START--
INFO: Run Behavior\WriteHtmlCacheBehavior [ RunTime:0.000977s ]
INFO: [ view_filter ] --END-- [ RunTime:0.000977s ]
INFO: [ app_end ] --START--
INFO: Run Behavior\ShowPageTraceBehavior [ RunTime:0.000976s ]
INFO: [ app_end ] --END-- [ RunTime:0.000976s ]

[ 2019-03-27T18:09:23+08:00 ] 127.0.0.1 /index.php/Admin/Index/index.css
INFO: [ app_init ] --START--
INFO: Run Behavior\BuildLiteBehavior [ RunTime:0.000000s ]
INFO: [ app_init ] --END-- [ RunTime:0.000000s ]
INFO: [ app_begin ] --START--
INFO: Run Behavior\ReadHtmlCacheBehavior [ RunTime:0.000976s ]
INFO: [ app_begin ] --END-- [ RunTime:0.000976s ]
ERR: 非法操作:index.css

[ 2019-03-27T18:09:23+08:00 ] 127.0.0.1 /index.php/Admin/Index/index.js
INFO: [ app_init ] --START--
INFO: Run Behavior\BuildLiteBehavior [ RunTime:0.000000s ]
INFO: [ app_init ] --END-- [ RunTime:0.000000s ]
INFO: [ app_begin ] --START--
INFO: Run Behavior\ReadHtmlCacheBehavior [ RunTime:0.000977s ]
INFO: [ app_begin ] --END-- [ RunTime:0.000977s ]
ERR: 非法操作:index.js

[ 2019-03-27T18:09:32+08:00 ] 127.0.0.1 /index.php/Admin/Index/index
INFO: [ app_init ] --START--
INFO: Run Behavior\BuildLiteBehavior [ RunTime:0.000000s ]
INFO: [ app_init ] --END-- [ RunTime:0.000976s ]
INFO: [ app_begin ] --START--
INFO: Run Behavior\ReadHtmlCacheBehavior [ RunTime:0.000977s ]
INFO: [ app_begin ] --END-- [ RunTime:0.000977s ]
INFO: [ view_parse ] --START--
NOTIC: [8] Undefined index: Think D:\WWW\open\Application\Runtime\Cache\fcd08bbd10c5b207505995d7de2e17b120fb0362.file.index.html.php 第 34 行.
NOTIC: [8] Trying to get property of non-object D:\WWW\open\Application\Runtime\Cache\fcd08bbd10c5b207505995d7de2e17b120fb0362.file.index.html.php 第 34 行.
NOTIC: [8] Undefined index: Think D:\WWW\open\Application\Runtime\Cache\fcd08bbd10c5b207505995d7de2e17b120fb0362.file.index.html.php 第 37 行.
NOTIC: [8] Trying to get property of non-object D:\WWW\open\Application\Runtime\Cache\fcd08bbd10c5b207505995d7de2e17b120fb0362.file.index.html.php 第 37 行.
NOTIC: [8] Undefined index: Think D:\WWW\open\Application\Runtime\Cache\fcd08bbd10c5b207505995d7de2e17b120fb0362.file.index.html.php 第 41 行.
NOTIC: [8] Trying to get property of non-object D:\WWW\open\Application\Runtime\Cache\fcd08bbd10c5b207505995d7de2e17b120fb0362.file.index.html.php 第 41 行.
INFO: Run Behavior\ParseTemplateBehavior [ RunTime:0.049805s ]
INFO: [ view_parse ] --END-- [ RunTime:0.050782s ]
INFO: [ view_filter ] --START--
INFO: Run Behavior\WriteHtmlCacheBehavior [ RunTime:0.000000s ]
INFO: [ view_filter ] --END-- [ RunTime:0.000000s ]
INFO: [ app_end ] --START--
INFO: Run Behavior\ShowPageTraceBehavior [ RunTime:0.000976s ]
INFO: [ app_end ] --END-- [ RunTime:0.000976s ]

[ 2019-03-27T18:09:33+08:00 ] 127.0.0.1 /index.php/Admin/Index/index.css
INFO: [ app_init ] --START--
INFO: Run Behavior\BuildLiteBehavior [ RunTime:0.000000s ]
INFO: [ app_init ] --END-- [ RunTime:0.000000s ]
INFO: [ app_begin ] --START--
INFO: Run Behavior\ReadHtmlCacheBehavior [ RunTime:0.000976s ]
INFO: [ app_begin ] --END-- [ RunTime:0.000976s ]
ERR: 非法操作:index.css

[ 2019-03-27T18:09:33+08:00 ] 127.0.0.1 /index.php/Admin/Index/index.js
INFO: [ app_init ] --START--
INFO: Run Behavior\BuildLiteBehavior [ RunTime:0.000000s ]
INFO: [ app_init ] --END-- [ RunTime:0.000977s ]
INFO: [ app_begin ] --START--
INFO: Run Behavior\ReadHtmlCacheBehavior [ RunTime:0.000000s ]
INFO: [ app_begin ] --END-- [ RunTime:0.000000s ]
ERR: 非法操作:index.js

[ 2019-03-27T18:09:33+08:00 ] 127.0.0.1 /index.php/Admin/Index/index
INFO: [ app_init ] --START--
INFO: Run Behavior\BuildLiteBehavior [ RunTime:0.000000s ]
INFO: [ app_init ] --END-- [ RunTime:0.000000s ]
INFO: [ app_begin ] --START--
INFO: Run Behavior\ReadHtmlCacheBehavior [ RunTime:0.000000s ]
INFO: [ app_begin ] --END-- [ RunTime:0.000977s ]
INFO: [ view_parse ] --START--
NOTIC: [8] Undefined index: Think D:\WWW\open\Application\Runtime\Cache\fcd08bbd10c5b207505995d7de2e17b120fb0362.file.index.html.php 第 34 行.
NOTIC: [8] Trying to get property of non-object D:\WWW\open\Application\Runtime\Cache\fcd08bbd10c5b207505995d7de2e17b120fb0362.file.index.html.php 第 34 行.
NOTIC: [8] Undefined index: Think D:\WWW\open\Application\Runtime\Cache\fcd08bbd10c5b207505995d7de2e17b120fb0362.file.index.html.php 第 37 行.
NOTIC: [8] Trying to get property of non-object D:\WWW\open\Application\Runtime\Cache\fcd08bbd10c5b207505995d7de2e17b120fb0362.file.index.html.php 第 37 行.
NOTIC: [8] Undefined index: Think D:\WWW\open\Application\Runtime\Cache\fcd08bbd10c5b207505995d7de2e17b120fb0362.file.index.html.php 第 41 行.
NOTIC: [8] Trying to get property of non-object D:\WWW\open\Application\Runtime\Cache\fcd08bbd10c5b207505995d7de2e17b120fb0362.file.index.html.php 第 41 行.
INFO: Run Behavior\ParseTemplateBehavior [ RunTime:0.008789s ]
INFO: [ view_parse ] --END-- [ RunTime:0.008789s ]
INFO: [ view_filter ] --START--
INFO: Run Behavior\WriteHtmlCacheBehavior [ RunTime:0.000000s ]
INFO: [ view_filter ] --END-- [ RunTime:0.000000s ]
INFO: [ app_end ] --START--
INFO: Run Behavior\ShowPageTraceBehavior [ RunTime:0.000000s ]
INFO: [ app_end ] --END-- [ RunTime:0.000000s ]

[ 2019-03-27T18:09:33+08:00 ] 127.0.0.1 /index.php/Admin/Index/index.js
INFO: [ app_init ] --START--
INFO: Run Behavior\BuildLiteBehavior [ RunTime:0.000000s ]
INFO: [ app_init ] --END-- [ RunTime:0.000000s ]
INFO: [ app_begin ] --START--
INFO: Run Behavior\ReadHtmlCacheBehavior [ RunTime:0.000977s ]
INFO: [ app_begin ] --END-- [ RunTime:0.000977s ]
ERR: 非法操作:index.js

[ 2019-03-27T18:09:33+08:00 ] 127.0.0.1 /index.php/Admin/Index/index.css
INFO: [ app_init ] --START--
INFO: Run Behavior\BuildLiteBehavior [ RunTime:0.000000s ]
INFO: [ app_init ] --END-- [ RunTime:0.000000s ]
INFO: [ app_begin ] --START--
INFO: Run Behavior\ReadHtmlCacheBehavior [ RunTime:0.000977s ]
INFO: [ app_begin ] --END-- [ RunTime:0.000977s ]
ERR: 非法操作:index.css

[ 2019-03-27T18:09:33+08:00 ] 127.0.0.1 /index.php/Admin/Index/index.js
INFO: [ app_init ] --START--
INFO: Run Behavior\BuildLiteBehavior [ RunTime:0.000000s ]
INFO: [ app_init ] --END-- [ RunTime:0.000976s ]
INFO: [ app_begin ] --START--
INFO: Run Behavior\ReadHtmlCacheBehavior [ RunTime:0.000977s ]
INFO: [ app_begin ] --END-- [ RunTime:0.000977s ]
ERR: 非法操作:index.js

[ 2019-03-27T18:09:33+08:00 ] 127.0.0.1 /index.php/Admin/Index/index
INFO: [ app_init ] --START--
INFO: Run Behavior\BuildLiteBehavior [ RunTime:0.000000s ]
INFO: [ app_init ] --END-- [ RunTime:0.000000s ]
INFO: [ app_begin ] --START--
INFO: Run Behavior\ReadHtmlCacheBehavior [ RunTime:0.000000s ]
INFO: [ app_begin ] --END-- [ RunTime:0.000000s ]
INFO: [ view_parse ] --START--
NOTIC: [8] Undefined index: Think D:\WWW\open\Application\Runtime\Cache\fcd08bbd10c5b207505995d7de2e17b120fb0362.file.index.html.php 第 34 行.
NOTIC: [8] Trying to get property of non-object D:\WWW\open\Application\Runtime\Cache\fcd08bbd10c5b207505995d7de2e17b120fb0362.file.index.html.php 第 34 行.
NOTIC: [8] Undefined index: Think D:\WWW\open\Application\Runtime\Cache\fcd08bbd10c5b207505995d7de2e17b120fb0362.file.index.html.php 第 37 行.
NOTIC: [8] Trying to get property of non-object D:\WWW\open\Application\Runtime\Cache\fcd08bbd10c5b207505995d7de2e17b120fb0362.file.index.html.php 第 37 行.
NOTIC: [8] Undefined index: Think D:\WWW\open\Application\Runtime\Cache\fcd08bbd10c5b207505995d7de2e17b120fb0362.file.index.html.php 第 41 行.
NOTIC: [8] Trying to get property of non-object D:\WWW\open\Application\Runtime\Cache\fcd08bbd10c5b207505995d7de2e17b120fb0362.file.index.html.php 第 41 行.
INFO: Run Behavior\ParseTemplateBehavior [ RunTime:0.010742s ]
INFO: [ view_parse ] --END-- [ RunTime:0.010742s ]
INFO: [ view_filter ] --START--
INFO: Run Behavior\WriteHtmlCacheBehavior [ RunTime:0.000000s ]
INFO: [ view_filter ] --END-- [ RunTime:0.000000s ]
INFO: [ app_end ] --START--
INFO: Run Behavior\ShowPageTraceBehavior [ RunTime:0.000977s ]
INFO: [ app_end ] --END-- [ RunTime:0.000977s ]

[ 2019-03-27T18:09:33+08:00 ] 127.0.0.1 /index.php/Admin/Index/index.js
INFO: [ app_init ] --START--
INFO: Run Behavior\BuildLiteBehavior [ RunTime:0.000000s ]
INFO: [ app_init ] --END-- [ RunTime:0.000000s ]
INFO: [ app_begin ] --START--
INFO: Run Behavior\ReadHtmlCacheBehavior [ RunTime:0.000977s ]
INFO: [ app_begin ] --END-- [ RunTime:0.000977s ]
ERR: 非法操作:index.js

[ 2019-03-27T18:09:33+08:00 ] 127.0.0.1 /index.php/Admin/Index/index.css
INFO: [ app_init ] --START--
INFO: Run Behavior\BuildLiteBehavior [ RunTime:0.000000s ]
INFO: [ app_init ] --END-- [ RunTime:0.000976s ]
INFO: [ app_begin ] --START--
INFO: Run Behavior\ReadHtmlCacheBehavior [ RunTime:0.000000s ]
INFO: [ app_begin ] --END-- [ RunTime:0.000000s ]
ERR: 非法操作:index.css

[ 2019-03-27T18:09:33+08:00 ] 127.0.0.1 /index.php/Admin/Index/index.js
INFO: [ app_init ] --START--
INFO: Run Behavior\BuildLiteBehavior [ RunTime:0.000000s ]
INFO: [ app_init ] --END-- [ RunTime:0.000976s ]
INFO: [ app_begin ] --START--
INFO: Run Behavior\ReadHtmlCacheBehavior [ RunTime:0.000000s ]
INFO: [ app_begin ] --END-- [ RunTime:0.000000s ]
ERR: 非法操作:index.js

[ 2019-03-27T18:09:48+08:00 ] 127.0.0.1 /index.php/Admin/Index/index
INFO: [ app_init ] --START--
INFO: Run Behavior\BuildLiteBehavior [ RunTime:0.000976s ]
INFO: [ app_init ] --END-- [ RunTime:0.000976s ]
INFO: [ app_begin ] --START--
INFO: Run Behavior\ReadHtmlCacheBehavior [ RunTime:0.000977s ]
INFO: [ app_begin ] --END-- [ RunTime:0.000977s ]
INFO: [ view_parse ] --START--
NOTIC: [8] Undefined index: Think D:\WWW\open\Application\Runtime\Cache\fcd08bbd10c5b207505995d7de2e17b120fb0362.file.index.html.php 第 36 行.
NOTIC: [8] Trying to get property of non-object D:\WWW\open\Application\Runtime\Cache\fcd08bbd10c5b207505995d7de2e17b120fb0362.file.index.html.php 第 36 行.
INFO: Run Behavior\ParseTemplateBehavior [ RunTime:0.041992s ]
INFO: [ view_parse ] --END-- [ RunTime:0.041992s ]
INFO: [ view_filter ] --START--
INFO: Run Behavior\WriteHtmlCacheBehavior [ RunTime:0.000976s ]
INFO: [ view_filter ] --END-- [ RunTime:0.000976s ]
INFO: [ app_end ] --START--
INFO: Run Behavior\ShowPageTraceBehavior [ RunTime:0.000000s ]
INFO: [ app_end ] --END-- [ RunTime:0.000000s ]

[ 2019-03-27T18:09:49+08:00 ] 127.0.0.1 /index.php/Admin/Index/index
INFO: [ app_init ] --START--
INFO: Run Behavior\BuildLiteBehavior [ RunTime:0.000000s ]
INFO: [ app_init ] --END-- [ RunTime:0.000000s ]
INFO: [ app_begin ] --START--
INFO: Run Behavior\ReadHtmlCacheBehavior [ RunTime:0.000976s ]
INFO: [ app_begin ] --END-- [ RunTime:0.000976s ]
INFO: [ view_parse ] --START--
NOTIC: [8] Undefined index: Think D:\WWW\open\Application\Runtime\Cache\fcd08bbd10c5b207505995d7de2e17b120fb0362.file.index.html.php 第 36 行.
NOTIC: [8] Trying to get property of non-object D:\WWW\open\Application\Runtime\Cache\fcd08bbd10c5b207505995d7de2e17b120fb0362.file.index.html.php 第 36 行.
INFO: Run Behavior\ParseTemplateBehavior [ RunTime:0.010742s ]
INFO: [ view_parse ] --END-- [ RunTime:0.010742s ]
INFO: [ view_filter ] --START--
INFO: Run Behavior\WriteHtmlCacheBehavior [ RunTime:0.000000s ]
INFO: [ view_filter ] --END-- [ RunTime:0.000000s ]
INFO: [ app_end ] --START--
INFO: Run Behavior\ShowPageTraceBehavior [ RunTime:0.000977s ]
INFO: [ app_end ] --END-- [ RunTime:0.000977s ]

[ 2019-03-27T18:09:49+08:00 ] 127.0.0.1 /index.php/Admin/Index/index
INFO: [ app_init ] --START--
INFO: Run Behavior\BuildLiteBehavior [ RunTime:0.000000s ]
INFO: [ app_init ] --END-- [ RunTime:0.000977s ]
INFO: [ app_begin ] --START--
INFO: Run Behavior\ReadHtmlCacheBehavior [ RunTime:0.000000s ]
INFO: [ app_begin ] --END-- [ RunTime:0.000000s ]
INFO: [ view_parse ] --START--
NOTIC: [8] Undefined index: Think D:\WWW\open\Application\Runtime\Cache\fcd08bbd10c5b207505995d7de2e17b120fb0362.file.index.html.php 第 36 行.
NOTIC: [8] Trying to get property of non-object D:\WWW\open\Application\Runtime\Cache\fcd08bbd10c5b207505995d7de2e17b120fb0362.file.index.html.php 第 36 行.
INFO: Run Behavior\ParseTemplateBehavior [ RunTime:0.009766s ]
INFO: [ view_parse ] --END-- [ RunTime:0.009766s ]
INFO: [ view_filter ] --START--
INFO: Run Behavior\WriteHtmlCacheBehavior [ RunTime:0.000000s ]
INFO: [ view_filter ] --END-- [ RunTime:0.000000s ]
INFO: [ app_end ] --START--
INFO: Run Behavior\ShowPageTraceBehavior [ RunTime:0.000976s ]
INFO: [ app_end ] --END-- [ RunTime:0.000976s ]

