[ 2019-03-29T09:22:57+08:00 ] 127.0.0.1 /Admin/Index/usecenter
INFO: [ app_init ] --START--
INFO: Run Behavior\BuildLiteBehavior [ RunTime:0.000000s ]
INFO: [ app_init ] --END-- [ RunTime:0.000977s ]
INFO: [ app_begin ] --START--
INFO: Run Behavior\ReadHtmlCacheBehavior [ RunTime:0.000000s ]
INFO: [ app_begin ] --END-- [ RunTime:0.000977s ]
INFO: [ app_end ] --START--
INFO: Run Behavior\ShowPageTraceBehavior [ RunTime:0.000976s ]
INFO: [ app_end ] --END-- [ RunTime:0.000976s ]

[ 2019-03-29T09:23:53+08:00 ] 127.0.0.1 /Admin/Index/usecenter
INFO: [ app_init ] --START--
INFO: Run Behavior\BuildLiteBehavior [ RunTime:0.000000s ]
INFO: [ app_init ] --END-- [ RunTime:0.000976s ]
INFO: [ app_begin ] --START--
INFO: Run Behavior\ReadHtmlCacheBehavior [ RunTime:0.000977s ]
INFO: [ app_begin ] --END-- [ RunTime:0.000977s ]
NOTIC: [2] require(SphinxAPI.php): failed to open stream: No such file or directory D:\WWW\open\Application\Admin\Controller\IndexController.class.php 第 91 行.

[ 2019-03-29T09:24:04+08:00 ] 127.0.0.1 /Admin/Index/usecenter
INFO: [ app_init ] --START--
INFO: Run Behavior\BuildLiteBehavior [ RunTime:0.000000s ]
INFO: [ app_init ] --END-- [ RunTime:0.000000s ]
INFO: [ app_begin ] --START--
INFO: Run Behavior\ReadHtmlCacheBehavior [ RunTime:0.000000s ]
INFO: [ app_begin ] --END-- [ RunTime:0.000000s ]
NOTIC: [2] include(SphinxAPI.php): failed to open stream: No such file or directory D:\WWW\open\Application\Admin\Controller\IndexController.class.php 第 91 行.
NOTIC: [2] include(): Failed opening 'SphinxAPI.php' for inclusion (include_path='.;C:\php\pear') D:\WWW\open\Application\Admin\Controller\IndexController.class.php 第 91 行.
INFO: [ app_end ] --START--
INFO: Run Behavior\ShowPageTraceBehavior [ RunTime:0.000976s ]
INFO: [ app_end ] --END-- [ RunTime:0.000976s ]

[ 2019-03-29T09:24:06+08:00 ] 127.0.0.1 /Admin/Index/usecenter
INFO: [ app_init ] --START--
INFO: Run Behavior\BuildLiteBehavior [ RunTime:0.000000s ]
INFO: [ app_init ] --END-- [ RunTime:0.000000s ]
INFO: [ app_begin ] --START--
INFO: Run Behavior\ReadHtmlCacheBehavior [ RunTime:0.000000s ]
INFO: [ app_begin ] --END-- [ RunTime:0.000000s ]
NOTIC: [2] include(SphinxAPI.php): failed to open stream: No such file or directory D:\WWW\open\Application\Admin\Controller\IndexController.class.php 第 91 行.
NOTIC: [2] include(): Failed opening 'SphinxAPI.php' for inclusion (include_path='.;C:\php\pear') D:\WWW\open\Application\Admin\Controller\IndexController.class.php 第 91 行.
INFO: [ app_end ] --START--
INFO: Run Behavior\ShowPageTraceBehavior [ RunTime:0.000977s ]
INFO: [ app_end ] --END-- [ RunTime:0.000977s ]

[ 2019-03-29T09:24:07+08:00 ] 127.0.0.1 /Admin/Index/usecenter
INFO: [ app_init ] --START--
INFO: Run Behavior\BuildLiteBehavior [ RunTime:0.000000s ]
INFO: [ app_init ] --END-- [ RunTime:0.000976s ]
INFO: [ app_begin ] --START--
INFO: Run Behavior\ReadHtmlCacheBehavior [ RunTime:0.000977s ]
INFO: [ app_begin ] --END-- [ RunTime:0.000977s ]
NOTIC: [2] include(SphinxAPI.php): failed to open stream: No such file or directory D:\WWW\open\Application\Admin\Controller\IndexController.class.php 第 91 行.
NOTIC: [2] include(): Failed opening 'SphinxAPI.php' for inclusion (include_path='.;C:\php\pear') D:\WWW\open\Application\Admin\Controller\IndexController.class.php 第 91 行.
INFO: [ app_end ] --START--
INFO: Run Behavior\ShowPageTraceBehavior [ RunTime:0.000000s ]
INFO: [ app_end ] --END-- [ RunTime:0.000000s ]

[ 2019-03-29T09:24:08+08:00 ] 127.0.0.1 /Admin/Index/usecenter
INFO: [ app_init ] --START--
INFO: Run Behavior\BuildLiteBehavior [ RunTime:0.000000s ]
INFO: [ app_init ] --END-- [ RunTime:0.000976s ]
INFO: [ app_begin ] --START--
INFO: Run Behavior\ReadHtmlCacheBehavior [ RunTime:0.000000s ]
INFO: [ app_begin ] --END-- [ RunTime:0.000000s ]
NOTIC: [2] include(SphinxAPI.php): failed to open stream: No such file or directory D:\WWW\open\Application\Admin\Controller\IndexController.class.php 第 91 行.
NOTIC: [2] include(): Failed opening 'SphinxAPI.php' for inclusion (include_path='.;C:\php\pear') D:\WWW\open\Application\Admin\Controller\IndexController.class.php 第 91 行.
INFO: [ app_end ] --START--
INFO: Run Behavior\ShowPageTraceBehavior [ RunTime:0.000000s ]
INFO: [ app_end ] --END-- [ RunTime:0.000000s ]

[ 2019-03-29T09:24:16+08:00 ] 127.0.0.1 /Admin/Index/usecenter
INFO: [ app_init ] --START--
INFO: Run Behavior\BuildLiteBehavior [ RunTime:0.000000s ]
INFO: [ app_init ] --END-- [ RunTime:0.000977s ]
INFO: [ app_begin ] --START--
INFO: Run Behavior\ReadHtmlCacheBehavior [ RunTime:0.000976s ]
INFO: [ app_begin ] --END-- [ RunTime:0.000976s ]
NOTIC: [2] require(SphinxAPI.php): failed to open stream: No such file or directory D:\WWW\open\Application\Admin\Controller\IndexController.class.php 第 91 行.

[ 2019-03-29T09:24:43+08:00 ] 127.0.0.1 /Admin/Index/usecenter
INFO: [ app_init ] --START--
INFO: Run Behavior\BuildLiteBehavior [ RunTime:0.000000s ]
INFO: [ app_init ] --END-- [ RunTime:0.000976s ]
INFO: [ app_begin ] --START--
INFO: Run Behavior\ReadHtmlCacheBehavior [ RunTime:0.000977s ]
INFO: [ app_begin ] --END-- [ RunTime:0.000977s ]
NOTIC: [2] include(SphinxAPI.php): failed to open stream: No such file or directory D:\WWW\open\Application\Admin\Controller\IndexController.class.php 第 91 行.
NOTIC: [2] include(): Failed opening 'SphinxAPI.php' for inclusion (include_path='.;C:\php\pear') D:\WWW\open\Application\Admin\Controller\IndexController.class.php 第 91 行.
INFO: [ app_end ] --START--
INFO: Run Behavior\ShowPageTraceBehavior [ RunTime:0.000976s ]
INFO: [ app_end ] --END-- [ RunTime:0.000976s ]

[ 2019-03-29T09:24:54+08:00 ] 127.0.0.1 /Admin/Index/usecenter
INFO: [ app_init ] --START--
INFO: Run Behavior\BuildLiteBehavior [ RunTime:0.000000s ]
INFO: [ app_init ] --END-- [ RunTime:0.000000s ]
INFO: [ app_begin ] --START--
INFO: Run Behavior\ReadHtmlCacheBehavior [ RunTime:0.000000s ]
INFO: [ app_begin ] --END-- [ RunTime:0.000000s ]
NOTIC: [2] include(SphinxAPI.php): failed to open stream: No such file or directory D:\WWW\open\Application\Admin\Controller\IndexController.class.php 第 91 行.
NOTIC: [2] include(): Failed opening 'SphinxAPI.php' for inclusion (include_path='.;C:\php\pear') D:\WWW\open\Application\Admin\Controller\IndexController.class.php 第 91 行.
INFO: [ app_end ] --START--
INFO: Run Behavior\ShowPageTraceBehavior [ RunTime:0.000000s ]
INFO: [ app_end ] --END-- [ RunTime:0.000000s ]

[ 2019-03-29T09:24:55+08:00 ] 127.0.0.1 /Admin/Index/usecenter
INFO: [ app_init ] --START--
INFO: Run Behavior\BuildLiteBehavior [ RunTime:0.000000s ]
INFO: [ app_init ] --END-- [ RunTime:0.000976s ]
INFO: [ app_begin ] --START--
INFO: Run Behavior\ReadHtmlCacheBehavior [ RunTime:0.000977s ]
INFO: [ app_begin ] --END-- [ RunTime:0.000977s ]
NOTIC: [2] include(SphinxAPI.php): failed to open stream: No such file or directory D:\WWW\open\Application\Admin\Controller\IndexController.class.php 第 91 行.
NOTIC: [2] include(): Failed opening 'SphinxAPI.php' for inclusion (include_path='.;C:\php\pear') D:\WWW\open\Application\Admin\Controller\IndexController.class.php 第 91 行.
INFO: [ app_end ] --START--
INFO: Run Behavior\ShowPageTraceBehavior [ RunTime:0.000000s ]
INFO: [ app_end ] --END-- [ RunTime:0.000000s ]

[ 2019-03-29T09:24:55+08:00 ] 127.0.0.1 /Admin/Index/usecenter
INFO: [ app_init ] --START--
INFO: Run Behavior\BuildLiteBehavior [ RunTime:0.000000s ]
INFO: [ app_init ] --END-- [ RunTime:0.000000s ]
INFO: [ app_begin ] --START--
INFO: Run Behavior\ReadHtmlCacheBehavior [ RunTime:0.000000s ]
INFO: [ app_begin ] --END-- [ RunTime:0.000000s ]
NOTIC: [2] include(SphinxAPI.php): failed to open stream: No such file or directory D:\WWW\open\Application\Admin\Controller\IndexController.class.php 第 91 行.
NOTIC: [2] include(): Failed opening 'SphinxAPI.php' for inclusion (include_path='.;C:\php\pear') D:\WWW\open\Application\Admin\Controller\IndexController.class.php 第 91 行.
INFO: [ app_end ] --START--
INFO: Run Behavior\ShowPageTraceBehavior [ RunTime:0.000000s ]
INFO: [ app_end ] --END-- [ RunTime:0.000976s ]

[ 2019-03-29T09:24:55+08:00 ] 127.0.0.1 /Admin/Index/usecenter
INFO: [ app_init ] --START--
INFO: Run Behavior\BuildLiteBehavior [ RunTime:0.000000s ]
INFO: [ app_init ] --END-- [ RunTime:0.000000s ]
INFO: [ app_begin ] --START--
INFO: Run Behavior\ReadHtmlCacheBehavior [ RunTime:0.000976s ]
INFO: [ app_begin ] --END-- [ RunTime:0.000976s ]
NOTIC: [2] include(SphinxAPI.php): failed to open stream: No such file or directory D:\WWW\open\Application\Admin\Controller\IndexController.class.php 第 91 行.
NOTIC: [2] include(): Failed opening 'SphinxAPI.php' for inclusion (include_path='.;C:\php\pear') D:\WWW\open\Application\Admin\Controller\IndexController.class.php 第 91 行.
INFO: [ app_end ] --START--
INFO: Run Behavior\ShowPageTraceBehavior [ RunTime:0.000977s ]
INFO: [ app_end ] --END-- [ RunTime:0.000977s ]

[ 2019-03-29T09:24:56+08:00 ] 127.0.0.1 /Admin/Index/usecenter
INFO: [ app_init ] --START--
INFO: Run Behavior\BuildLiteBehavior [ RunTime:0.000000s ]
INFO: [ app_init ] --END-- [ RunTime:0.000000s ]
INFO: [ app_begin ] --START--
INFO: Run Behavior\ReadHtmlCacheBehavior [ RunTime:0.000000s ]
INFO: [ app_begin ] --END-- [ RunTime:0.000000s ]
NOTIC: [2] include(SphinxAPI.php): failed to open stream: No such file or directory D:\WWW\open\Application\Admin\Controller\IndexController.class.php 第 91 行.
NOTIC: [2] include(): Failed opening 'SphinxAPI.php' for inclusion (include_path='.;C:\php\pear') D:\WWW\open\Application\Admin\Controller\IndexController.class.php 第 91 行.
INFO: [ app_end ] --START--
INFO: Run Behavior\ShowPageTraceBehavior [ RunTime:0.000000s ]
INFO: [ app_end ] --END-- [ RunTime:0.000000s ]

[ 2019-03-29T09:24:56+08:00 ] 127.0.0.1 /Admin/Index/usecenter
INFO: [ app_init ] --START--
INFO: Run Behavior\BuildLiteBehavior [ RunTime:0.000000s ]
INFO: [ app_init ] --END-- [ RunTime:0.000000s ]
INFO: [ app_begin ] --START--
INFO: Run Behavior\ReadHtmlCacheBehavior [ RunTime:0.000977s ]
INFO: [ app_begin ] --END-- [ RunTime:0.000977s ]
NOTIC: [2] include(SphinxAPI.php): failed to open stream: No such file or directory D:\WWW\open\Application\Admin\Controller\IndexController.class.php 第 91 行.
NOTIC: [2] include(): Failed opening 'SphinxAPI.php' for inclusion (include_path='.;C:\php\pear') D:\WWW\open\Application\Admin\Controller\IndexController.class.php 第 91 行.
INFO: [ app_end ] --START--
INFO: Run Behavior\ShowPageTraceBehavior [ RunTime:0.000977s ]
INFO: [ app_end ] --END-- [ RunTime:0.000977s ]

[ 2019-03-29T09:25:02+08:00 ] 127.0.0.1 /Admin/Index/usecenter
INFO: [ app_init ] --START--
INFO: Run Behavior\BuildLiteBehavior [ RunTime:0.000000s ]
INFO: [ app_init ] --END-- [ RunTime:0.000000s ]
INFO: [ app_begin ] --START--
INFO: Run Behavior\ReadHtmlCacheBehavior [ RunTime:0.000976s ]
INFO: [ app_begin ] --END-- [ RunTime:0.000976s ]
NOTIC: [2] include(SphinxAPI.php): failed to open stream: No such file or directory D:\WWW\open\Application\Admin\Controller\IndexController.class.php 第 91 行.
NOTIC: [2] include(): Failed opening 'SphinxAPI.php' for inclusion (include_path='.;C:\php\pear') D:\WWW\open\Application\Admin\Controller\IndexController.class.php 第 91 行.
INFO: [ app_end ] --START--
INFO: Run Behavior\ShowPageTraceBehavior [ RunTime:0.000000s ]
INFO: [ app_end ] --END-- [ RunTime:0.000000s ]

[ 2019-03-29T09:25:03+08:00 ] 127.0.0.1 /Admin/Index/usecenter
INFO: [ app_init ] --START--
INFO: Run Behavior\BuildLiteBehavior [ RunTime:0.000000s ]
INFO: [ app_init ] --END-- [ RunTime:0.000000s ]
INFO: [ app_begin ] --START--
INFO: Run Behavior\ReadHtmlCacheBehavior [ RunTime:0.000000s ]
INFO: [ app_begin ] --END-- [ RunTime:0.000000s ]
NOTIC: [2] include(SphinxAPI.php): failed to open stream: No such file or directory D:\WWW\open\Application\Admin\Controller\IndexController.class.php 第 91 行.
NOTIC: [2] include(): Failed opening 'SphinxAPI.php' for inclusion (include_path='.;C:\php\pear') D:\WWW\open\Application\Admin\Controller\IndexController.class.php 第 91 行.
INFO: [ app_end ] --START--
INFO: Run Behavior\ShowPageTraceBehavior [ RunTime:0.000000s ]
INFO: [ app_end ] --END-- [ RunTime:0.000000s ]

[ 2019-03-29T09:25:03+08:00 ] 127.0.0.1 /Admin/Index/usecenter
INFO: [ app_init ] --START--
INFO: Run Behavior\BuildLiteBehavior [ RunTime:0.000000s ]
INFO: [ app_init ] --END-- [ RunTime:0.000000s ]
INFO: [ app_begin ] --START--
INFO: Run Behavior\ReadHtmlCacheBehavior [ RunTime:0.000000s ]
INFO: [ app_begin ] --END-- [ RunTime:0.000000s ]
NOTIC: [2] include(SphinxAPI.php): failed to open stream: No such file or directory D:\WWW\open\Application\Admin\Controller\IndexController.class.php 第 91 行.
NOTIC: [2] include(): Failed opening 'SphinxAPI.php' for inclusion (include_path='.;C:\php\pear') D:\WWW\open\Application\Admin\Controller\IndexController.class.php 第 91 行.
INFO: [ app_end ] --START--
INFO: Run Behavior\ShowPageTraceBehavior [ RunTime:0.000000s ]
INFO: [ app_end ] --END-- [ RunTime:0.000000s ]

[ 2019-03-29T09:25:03+08:00 ] 127.0.0.1 /Admin/Index/usecenter
INFO: [ app_init ] --START--
INFO: Run Behavior\BuildLiteBehavior [ RunTime:0.000000s ]
INFO: [ app_init ] --END-- [ RunTime:0.000000s ]
INFO: [ app_begin ] --START--
INFO: Run Behavior\ReadHtmlCacheBehavior [ RunTime:0.000976s ]
INFO: [ app_begin ] --END-- [ RunTime:0.000976s ]
NOTIC: [2] include(SphinxAPI.php): failed to open stream: No such file or directory D:\WWW\open\Application\Admin\Controller\IndexController.class.php 第 91 行.
NOTIC: [2] include(): Failed opening 'SphinxAPI.php' for inclusion (include_path='.;C:\php\pear') D:\WWW\open\Application\Admin\Controller\IndexController.class.php 第 91 行.
INFO: [ app_end ] --START--
INFO: Run Behavior\ShowPageTraceBehavior [ RunTime:0.000977s ]
INFO: [ app_end ] --END-- [ RunTime:0.000977s ]

[ 2019-03-29T09:27:48+08:00 ] 127.0.0.1 /Admin/Index/usecenter
INFO: [ app_init ] --START--
INFO: Run Behavior\BuildLiteBehavior [ RunTime:0.000000s ]
INFO: [ app_init ] --END-- [ RunTime:0.000000s ]
INFO: [ app_begin ] --START--
INFO: Run Behavior\ReadHtmlCacheBehavior [ RunTime:0.000977s ]
INFO: [ app_begin ] --END-- [ RunTime:0.000977s ]

[ 2019-03-29T09:28:12+08:00 ] 127.0.0.1 /Admin/Index/usecenter
INFO: [ app_init ] --START--
INFO: Run Behavior\BuildLiteBehavior [ RunTime:0.000000s ]
INFO: [ app_init ] --END-- [ RunTime:0.000976s ]
INFO: [ app_begin ] --START--
INFO: Run Behavior\ReadHtmlCacheBehavior [ RunTime:0.000000s ]
INFO: [ app_begin ] --END-- [ RunTime:0.000000s ]

[ 2019-03-29T09:28:13+08:00 ] 127.0.0.1 /Admin/Index/usecenter
INFO: [ app_init ] --START--
INFO: Run Behavior\BuildLiteBehavior [ RunTime:0.000000s ]
INFO: [ app_init ] --END-- [ RunTime:0.000000s ]
INFO: [ app_begin ] --START--
INFO: Run Behavior\ReadHtmlCacheBehavior [ RunTime:0.000000s ]
INFO: [ app_begin ] --END-- [ RunTime:0.000000s ]

[ 2019-03-29T09:28:13+08:00 ] 127.0.0.1 /Admin/Index/usecenter
INFO: [ app_init ] --START--
INFO: Run Behavior\BuildLiteBehavior [ RunTime:0.000000s ]
INFO: [ app_init ] --END-- [ RunTime:0.000000s ]
INFO: [ app_begin ] --START--
INFO: Run Behavior\ReadHtmlCacheBehavior [ RunTime:0.000000s ]
INFO: [ app_begin ] --END-- [ RunTime:0.000000s ]

[ 2019-03-29T09:28:18+08:00 ] 127.0.0.1 /Admin/Index/usecenter
INFO: [ app_init ] --START--
INFO: Run Behavior\BuildLiteBehavior [ RunTime:0.000000s ]
INFO: [ app_init ] --END-- [ RunTime:0.000000s ]
INFO: [ app_begin ] --START--
INFO: Run Behavior\ReadHtmlCacheBehavior [ RunTime:0.000000s ]
INFO: [ app_begin ] --END-- [ RunTime:0.000000s ]

[ 2019-03-29T09:28:18+08:00 ] 127.0.0.1 /Admin/Index/usecenter
INFO: [ app_init ] --START--
INFO: Run Behavior\BuildLiteBehavior [ RunTime:0.000000s ]
INFO: [ app_init ] --END-- [ RunTime:0.000977s ]
INFO: [ app_begin ] --START--
INFO: Run Behavior\ReadHtmlCacheBehavior [ RunTime:0.000976s ]
INFO: [ app_begin ] --END-- [ RunTime:0.000976s ]

[ 2019-03-29T09:28:18+08:00 ] 127.0.0.1 /Admin/Index/usecenter
INFO: [ app_init ] --START--
INFO: Run Behavior\BuildLiteBehavior [ RunTime:0.000000s ]
INFO: [ app_init ] --END-- [ RunTime:0.000976s ]
INFO: [ app_begin ] --START--
INFO: Run Behavior\ReadHtmlCacheBehavior [ RunTime:0.000000s ]
INFO: [ app_begin ] --END-- [ RunTime:0.000000s ]

[ 2019-03-29T09:28:19+08:00 ] 127.0.0.1 /Admin/Index/usecenter
INFO: [ app_init ] --START--
INFO: Run Behavior\BuildLiteBehavior [ RunTime:0.000000s ]
INFO: [ app_init ] --END-- [ RunTime:0.000000s ]
INFO: [ app_begin ] --START--
INFO: Run Behavior\ReadHtmlCacheBehavior [ RunTime:0.000000s ]
INFO: [ app_begin ] --END-- [ RunTime:0.000000s ]

[ 2019-03-29T09:28:19+08:00 ] 127.0.0.1 /Admin/Index/usecenter
INFO: [ app_init ] --START--
INFO: Run Behavior\BuildLiteBehavior [ RunTime:0.000000s ]
INFO: [ app_init ] --END-- [ RunTime:0.000000s ]
INFO: [ app_begin ] --START--
INFO: Run Behavior\ReadHtmlCacheBehavior [ RunTime:0.000000s ]
INFO: [ app_begin ] --END-- [ RunTime:0.000000s ]

[ 2019-03-29T09:28:19+08:00 ] 127.0.0.1 /Admin/Index/usecenter
INFO: [ app_init ] --START--
INFO: Run Behavior\BuildLiteBehavior [ RunTime:0.000000s ]
INFO: [ app_init ] --END-- [ RunTime:0.000977s ]
INFO: [ app_begin ] --START--
INFO: Run Behavior\ReadHtmlCacheBehavior [ RunTime:0.000976s ]
INFO: [ app_begin ] --END-- [ RunTime:0.000976s ]

[ 2019-03-29T09:28:20+08:00 ] 127.0.0.1 /Admin/Index/usecenter
INFO: [ app_init ] --START--
INFO: Run Behavior\BuildLiteBehavior [ RunTime:0.000000s ]
INFO: [ app_init ] --END-- [ RunTime:0.000000s ]
INFO: [ app_begin ] --START--
INFO: Run Behavior\ReadHtmlCacheBehavior [ RunTime:0.000976s ]
INFO: [ app_begin ] --END-- [ RunTime:0.000976s ]

[ 2019-03-29T09:28:20+08:00 ] 127.0.0.1 /Admin/Index/usecenter
INFO: [ app_init ] --START--
INFO: Run Behavior\BuildLiteBehavior [ RunTime:0.000000s ]
INFO: [ app_init ] --END-- [ RunTime:0.000000s ]
INFO: [ app_begin ] --START--
INFO: Run Behavior\ReadHtmlCacheBehavior [ RunTime:0.000000s ]
INFO: [ app_begin ] --END-- [ RunTime:0.000000s ]

[ 2019-03-29T09:28:21+08:00 ] 127.0.0.1 /Admin/Index/usecenter
INFO: [ app_init ] --START--
INFO: Run Behavior\BuildLiteBehavior [ RunTime:0.000000s ]
INFO: [ app_init ] --END-- [ RunTime:0.000000s ]
INFO: [ app_begin ] --START--
INFO: Run Behavior\ReadHtmlCacheBehavior [ RunTime:0.000976s ]
INFO: [ app_begin ] --END-- [ RunTime:0.000976s ]

[ 2019-03-29T09:28:22+08:00 ] 127.0.0.1 /Admin/Index/usecenter
INFO: [ app_init ] --START--
INFO: Run Behavior\BuildLiteBehavior [ RunTime:0.000000s ]
INFO: [ app_init ] --END-- [ RunTime:0.000000s ]
INFO: [ app_begin ] --START--
INFO: Run Behavior\ReadHtmlCacheBehavior [ RunTime:0.000000s ]
INFO: [ app_begin ] --END-- [ RunTime:0.000000s ]

[ 2019-03-29T09:28:23+08:00 ] 127.0.0.1 /Admin/Index/usecenter
INFO: [ app_init ] --START--
INFO: Run Behavior\BuildLiteBehavior [ RunTime:0.000000s ]
INFO: [ app_init ] --END-- [ RunTime:0.000976s ]
INFO: [ app_begin ] --START--
INFO: Run Behavior\ReadHtmlCacheBehavior [ RunTime:0.000977s ]
INFO: [ app_begin ] --END-- [ RunTime:0.000977s ]

[ 2019-03-29T09:28:24+08:00 ] 127.0.0.1 /Admin/Index/usecenter
INFO: [ app_init ] --START--
INFO: Run Behavior\BuildLiteBehavior [ RunTime:0.000000s ]
INFO: [ app_init ] --END-- [ RunTime:0.000000s ]
INFO: [ app_begin ] --START--
INFO: Run Behavior\ReadHtmlCacheBehavior [ RunTime:0.000000s ]
INFO: [ app_begin ] --END-- [ RunTime:0.000000s ]

[ 2019-03-29T09:28:26+08:00 ] 127.0.0.1 /Admin/Index/usecenter
INFO: [ app_init ] --START--
INFO: Run Behavior\BuildLiteBehavior [ RunTime:0.000000s ]
INFO: [ app_init ] --END-- [ RunTime:0.000977s ]
INFO: [ app_begin ] --START--
INFO: Run Behavior\ReadHtmlCacheBehavior [ RunTime:0.000976s ]
INFO: [ app_begin ] --END-- [ RunTime:0.000976s ]
INFO: [ app_end ] --START--
INFO: Run Behavior\ShowPageTraceBehavior [ RunTime:0.000000s ]
INFO: [ app_end ] --END-- [ RunTime:0.000000s ]

[ 2019-03-29T09:28:31+08:00 ] 127.0.0.1 /Admin/Index/usecenter
INFO: [ app_init ] --START--
INFO: Run Behavior\BuildLiteBehavior [ RunTime:0.000000s ]
INFO: [ app_init ] --END-- [ RunTime:0.000976s ]
INFO: [ app_begin ] --START--
INFO: Run Behavior\ReadHtmlCacheBehavior [ RunTime:0.000977s ]
INFO: [ app_begin ] --END-- [ RunTime:0.000977s ]
NOTIC: [2] require(Sphinx/SphinxAPI.php): failed to open stream: No such file or directory D:\WWW\open\Application\Admin\Controller\IndexController.class.php 第 5 行.

[ 2019-03-29T09:28:32+08:00 ] 127.0.0.1 /Admin/Index/usecenter
INFO: [ app_init ] --START--
INFO: Run Behavior\BuildLiteBehavior [ RunTime:0.000000s ]
INFO: [ app_init ] --END-- [ RunTime:0.000977s ]
INFO: [ app_begin ] --START--
INFO: Run Behavior\ReadHtmlCacheBehavior [ RunTime:0.000000s ]
INFO: [ app_begin ] --END-- [ RunTime:0.000000s ]
NOTIC: [2] require(Sphinx/SphinxAPI.php): failed to open stream: No such file or directory D:\WWW\open\Application\Admin\Controller\IndexController.class.php 第 5 行.

[ 2019-03-29T09:28:32+08:00 ] 127.0.0.1 /Admin/Index/usecenter
INFO: [ app_init ] --START--
INFO: Run Behavior\BuildLiteBehavior [ RunTime:0.000000s ]
INFO: [ app_init ] --END-- [ RunTime:0.000000s ]
INFO: [ app_begin ] --START--
INFO: Run Behavior\ReadHtmlCacheBehavior [ RunTime:0.000000s ]
INFO: [ app_begin ] --END-- [ RunTime:0.000000s ]
NOTIC: [2] require(Sphinx/SphinxAPI.php): failed to open stream: No such file or directory D:\WWW\open\Application\Admin\Controller\IndexController.class.php 第 5 行.

[ 2019-03-29T09:28:32+08:00 ] 127.0.0.1 /Admin/Index/usecenter
INFO: [ app_init ] --START--
INFO: Run Behavior\BuildLiteBehavior [ RunTime:0.000000s ]
INFO: [ app_init ] --END-- [ RunTime:0.000977s ]
INFO: [ app_begin ] --START--
INFO: Run Behavior\ReadHtmlCacheBehavior [ RunTime:0.000000s ]
INFO: [ app_begin ] --END-- [ RunTime:0.000977s ]
NOTIC: [2] require(Sphinx/SphinxAPI.php): failed to open stream: No such file or directory D:\WWW\open\Application\Admin\Controller\IndexController.class.php 第 5 行.

[ 2019-03-29T09:28:32+08:00 ] 127.0.0.1 /Admin/Index/usecenter
INFO: [ app_init ] --START--
INFO: Run Behavior\BuildLiteBehavior [ RunTime:0.000000s ]
INFO: [ app_init ] --END-- [ RunTime:0.000977s ]
INFO: [ app_begin ] --START--
INFO: Run Behavior\ReadHtmlCacheBehavior [ RunTime:0.000976s ]
INFO: [ app_begin ] --END-- [ RunTime:0.000976s ]
NOTIC: [2] require(Sphinx/SphinxAPI.php): failed to open stream: No such file or directory D:\WWW\open\Application\Admin\Controller\IndexController.class.php 第 5 行.

[ 2019-03-29T09:28:33+08:00 ] 127.0.0.1 /Admin/Index/usecenter
INFO: [ app_init ] --START--
INFO: Run Behavior\BuildLiteBehavior [ RunTime:0.000000s ]
INFO: [ app_init ] --END-- [ RunTime:0.000976s ]
INFO: [ app_begin ] --START--
INFO: Run Behavior\ReadHtmlCacheBehavior [ RunTime:0.000000s ]
INFO: [ app_begin ] --END-- [ RunTime:0.000000s ]
NOTIC: [2] require(Sphinx/SphinxAPI.php): failed to open stream: No such file or directory D:\WWW\open\Application\Admin\Controller\IndexController.class.php 第 5 行.

[ 2019-03-29T09:28:33+08:00 ] 127.0.0.1 /Admin/Index/usecenter
INFO: [ app_init ] --START--
INFO: Run Behavior\BuildLiteBehavior [ RunTime:0.000000s ]
INFO: [ app_init ] --END-- [ RunTime:0.000000s ]
INFO: [ app_begin ] --START--
INFO: Run Behavior\ReadHtmlCacheBehavior [ RunTime:0.000000s ]
INFO: [ app_begin ] --END-- [ RunTime:0.000000s ]
NOTIC: [2] require(Sphinx/SphinxAPI.php): failed to open stream: No such file or directory D:\WWW\open\Application\Admin\Controller\IndexController.class.php 第 5 行.

[ 2019-03-29T09:28:36+08:00 ] 127.0.0.1 /Admin/Index/usecenter
INFO: [ app_init ] --START--
INFO: Run Behavior\BuildLiteBehavior [ RunTime:0.000000s ]
INFO: [ app_init ] --END-- [ RunTime:0.000976s ]
INFO: [ app_begin ] --START--
INFO: Run Behavior\ReadHtmlCacheBehavior [ RunTime:0.000977s ]
INFO: [ app_begin ] --END-- [ RunTime:0.000977s ]
NOTIC: [2] require(SphinxAPI.php): failed to open stream: No such file or directory D:\WWW\open\Application\Admin\Controller\IndexController.class.php 第 5 行.

[ 2019-03-29T09:28:36+08:00 ] 127.0.0.1 /Admin/Index/usecenter
INFO: [ app_init ] --START--
INFO: Run Behavior\BuildLiteBehavior [ RunTime:0.000000s ]
INFO: [ app_init ] --END-- [ RunTime:0.000000s ]
INFO: [ app_begin ] --START--
INFO: Run Behavior\ReadHtmlCacheBehavior [ RunTime:0.000977s ]
INFO: [ app_begin ] --END-- [ RunTime:0.000977s ]
NOTIC: [2] require(SphinxAPI.php): failed to open stream: No such file or directory D:\WWW\open\Application\Admin\Controller\IndexController.class.php 第 5 行.

[ 2019-03-29T09:28:36+08:00 ] 127.0.0.1 /Admin/Index/usecenter
INFO: [ app_init ] --START--
INFO: Run Behavior\BuildLiteBehavior [ RunTime:0.000000s ]
INFO: [ app_init ] --END-- [ RunTime:0.000000s ]
INFO: [ app_begin ] --START--
INFO: Run Behavior\ReadHtmlCacheBehavior [ RunTime:0.000976s ]
INFO: [ app_begin ] --END-- [ RunTime:0.000976s ]
NOTIC: [2] require(SphinxAPI.php): failed to open stream: No such file or directory D:\WWW\open\Application\Admin\Controller\IndexController.class.php 第 5 行.

[ 2019-03-29T09:28:37+08:00 ] 127.0.0.1 /Admin/Index/usecenter
INFO: [ app_init ] --START--
INFO: Run Behavior\BuildLiteBehavior [ RunTime:0.000000s ]
INFO: [ app_init ] --END-- [ RunTime:0.000000s ]
INFO: [ app_begin ] --START--
INFO: Run Behavior\ReadHtmlCacheBehavior [ RunTime:0.000976s ]
INFO: [ app_begin ] --END-- [ RunTime:0.000976s ]
NOTIC: [2] require(SphinxAPI.php): failed to open stream: No such file or directory D:\WWW\open\Application\Admin\Controller\IndexController.class.php 第 5 行.

[ 2019-03-29T09:28:45+08:00 ] 127.0.0.1 /Admin/Index/usecenter
INFO: [ app_init ] --START--
INFO: Run Behavior\BuildLiteBehavior [ RunTime:0.000000s ]
INFO: [ app_init ] --END-- [ RunTime:0.000000s ]
INFO: [ app_begin ] --START--
INFO: Run Behavior\ReadHtmlCacheBehavior [ RunTime:0.000000s ]
INFO: [ app_begin ] --END-- [ RunTime:0.000000s ]
INFO: [ app_end ] --START--
INFO: Run Behavior\ShowPageTraceBehavior [ RunTime:0.000977s ]
INFO: [ app_end ] --END-- [ RunTime:0.000977s ]

[ 2019-03-29T09:29:14+08:00 ] 127.0.0.1 /Admin/Index/usecenter
INFO: [ app_init ] --START--
INFO: Run Behavior\BuildLiteBehavior [ RunTime:0.000000s ]
INFO: [ app_init ] --END-- [ RunTime:0.000976s ]
INFO: [ app_begin ] --START--
INFO: Run Behavior\ReadHtmlCacheBehavior [ RunTime:0.000977s ]
INFO: [ app_begin ] --END-- [ RunTime:0.000977s ]

[ 2019-03-29T09:29:29+08:00 ] 127.0.0.1 /Admin/Index/usecenter
INFO: [ app_init ] --START--
INFO: Run Behavior\BuildLiteBehavior [ RunTime:0.000000s ]
INFO: [ app_init ] --END-- [ RunTime:0.000000s ]
INFO: [ app_begin ] --START--
INFO: Run Behavior\ReadHtmlCacheBehavior [ RunTime:0.000977s ]
INFO: [ app_begin ] --END-- [ RunTime:0.000977s ]
NOTIC: [2] Missing argument 1 for Sphinx\Sphinx\SphinxClient::SetLimits(), called in D:\WWW\open\Application\Admin\Controller\IndexController.class.php on line 14 and defined D:\WWW\open\Application\Sphinx\Sphinx\SphinxAPI.php 第 691 行.
NOTIC: [2] Missing argument 2 for Sphinx\Sphinx\SphinxClient::SetLimits(), called in D:\WWW\open\Application\Admin\Controller\IndexController.class.php on line 14 and defined D:\WWW\open\Application\Sphinx\Sphinx\SphinxAPI.php 第 691 行.
NOTIC: [8] Undefined variable: offset D:\WWW\open\Application\Sphinx\Sphinx\SphinxAPI.php 第 693 行.
NOTIC: [2] assert(): Assertion failed D:\WWW\open\Application\Sphinx\Sphinx\SphinxAPI.php 第 693 行.
NOTIC: [8] Undefined variable: limit D:\WWW\open\Application\Sphinx\Sphinx\SphinxAPI.php 第 694 行.
NOTIC: [2] assert(): Assertion failed D:\WWW\open\Application\Sphinx\Sphinx\SphinxAPI.php 第 694 行.
NOTIC: [8] Undefined variable: offset D:\WWW\open\Application\Sphinx\Sphinx\SphinxAPI.php 第 695 行.
NOTIC: [8] Undefined variable: limit D:\WWW\open\Application\Sphinx\Sphinx\SphinxAPI.php 第 696 行.
NOTIC: [2] assert(): Assertion failed D:\WWW\open\Application\Sphinx\Sphinx\SphinxAPI.php 第 696 行.
NOTIC: [8] Undefined variable: offset D:\WWW\open\Application\Sphinx\Sphinx\SphinxAPI.php 第 698 行.
NOTIC: [8] Undefined variable: limit D:\WWW\open\Application\Sphinx\Sphinx\SphinxAPI.php 第 699 行.
INFO: [ app_end ] --START--
INFO: Run Behavior\ShowPageTraceBehavior [ RunTime:0.000976s ]
INFO: [ app_end ] --END-- [ RunTime:0.000976s ]

[ 2019-03-29T09:29:29+08:00 ] 127.0.0.1 /Admin/Index/usecenter
INFO: [ app_init ] --START--
INFO: Run Behavior\BuildLiteBehavior [ RunTime:0.000000s ]
INFO: [ app_init ] --END-- [ RunTime:0.000977s ]
INFO: [ app_begin ] --START--
INFO: Run Behavior\ReadHtmlCacheBehavior [ RunTime:0.000000s ]
INFO: [ app_begin ] --END-- [ RunTime:0.000000s ]
NOTIC: [2] Missing argument 1 for Sphinx\Sphinx\SphinxClient::SetLimits(), called in D:\WWW\open\Application\Admin\Controller\IndexController.class.php on line 14 and defined D:\WWW\open\Application\Sphinx\Sphinx\SphinxAPI.php 第 691 行.
NOTIC: [2] Missing argument 2 for Sphinx\Sphinx\SphinxClient::SetLimits(), called in D:\WWW\open\Application\Admin\Controller\IndexController.class.php on line 14 and defined D:\WWW\open\Application\Sphinx\Sphinx\SphinxAPI.php 第 691 行.
NOTIC: [8] Undefined variable: offset D:\WWW\open\Application\Sphinx\Sphinx\SphinxAPI.php 第 693 行.
NOTIC: [2] assert(): Assertion failed D:\WWW\open\Application\Sphinx\Sphinx\SphinxAPI.php 第 693 行.
NOTIC: [8] Undefined variable: limit D:\WWW\open\Application\Sphinx\Sphinx\SphinxAPI.php 第 694 行.
NOTIC: [2] assert(): Assertion failed D:\WWW\open\Application\Sphinx\Sphinx\SphinxAPI.php 第 694 行.
NOTIC: [8] Undefined variable: offset D:\WWW\open\Application\Sphinx\Sphinx\SphinxAPI.php 第 695 行.
NOTIC: [8] Undefined variable: limit D:\WWW\open\Application\Sphinx\Sphinx\SphinxAPI.php 第 696 行.
NOTIC: [2] assert(): Assertion failed D:\WWW\open\Application\Sphinx\Sphinx\SphinxAPI.php 第 696 行.
NOTIC: [8] Undefined variable: offset D:\WWW\open\Application\Sphinx\Sphinx\SphinxAPI.php 第 698 行.
NOTIC: [8] Undefined variable: limit D:\WWW\open\Application\Sphinx\Sphinx\SphinxAPI.php 第 699 行.
INFO: [ app_end ] --START--
INFO: Run Behavior\ShowPageTraceBehavior [ RunTime:0.000977s ]
INFO: [ app_end ] --END-- [ RunTime:0.000977s ]

[ 2019-03-29T09:29:30+08:00 ] 127.0.0.1 /Admin/Index/usecenter
INFO: [ app_init ] --START--
INFO: Run Behavior\BuildLiteBehavior [ RunTime:0.000000s ]
INFO: [ app_init ] --END-- [ RunTime:0.000000s ]
INFO: [ app_begin ] --START--
INFO: Run Behavior\ReadHtmlCacheBehavior [ RunTime:0.000000s ]
INFO: [ app_begin ] --END-- [ RunTime:0.000000s ]
NOTIC: [2] Missing argument 1 for Sphinx\Sphinx\SphinxClient::SetLimits(), called in D:\WWW\open\Application\Admin\Controller\IndexController.class.php on line 14 and defined D:\WWW\open\Application\Sphinx\Sphinx\SphinxAPI.php 第 691 行.
NOTIC: [2] Missing argument 2 for Sphinx\Sphinx\SphinxClient::SetLimits(), called in D:\WWW\open\Application\Admin\Controller\IndexController.class.php on line 14 and defined D:\WWW\open\Application\Sphinx\Sphinx\SphinxAPI.php 第 691 行.
NOTIC: [8] Undefined variable: offset D:\WWW\open\Application\Sphinx\Sphinx\SphinxAPI.php 第 693 行.
NOTIC: [2] assert(): Assertion failed D:\WWW\open\Application\Sphinx\Sphinx\SphinxAPI.php 第 693 行.
NOTIC: [8] Undefined variable: limit D:\WWW\open\Application\Sphinx\Sphinx\SphinxAPI.php 第 694 行.
NOTIC: [2] assert(): Assertion failed D:\WWW\open\Application\Sphinx\Sphinx\SphinxAPI.php 第 694 行.
NOTIC: [8] Undefined variable: offset D:\WWW\open\Application\Sphinx\Sphinx\SphinxAPI.php 第 695 行.
NOTIC: [8] Undefined variable: limit D:\WWW\open\Application\Sphinx\Sphinx\SphinxAPI.php 第 696 行.
NOTIC: [2] assert(): Assertion failed D:\WWW\open\Application\Sphinx\Sphinx\SphinxAPI.php 第 696 行.
NOTIC: [8] Undefined variable: offset D:\WWW\open\Application\Sphinx\Sphinx\SphinxAPI.php 第 698 行.
NOTIC: [8] Undefined variable: limit D:\WWW\open\Application\Sphinx\Sphinx\SphinxAPI.php 第 699 行.
INFO: [ app_end ] --START--
INFO: Run Behavior\ShowPageTraceBehavior [ RunTime:0.000000s ]
INFO: [ app_end ] --END-- [ RunTime:0.000000s ]

[ 2019-03-29T09:29:30+08:00 ] 127.0.0.1 /Admin/Index/usecenter
INFO: [ app_init ] --START--
INFO: Run Behavior\BuildLiteBehavior [ RunTime:0.000000s ]
INFO: [ app_init ] --END-- [ RunTime:0.000000s ]
INFO: [ app_begin ] --START--
INFO: Run Behavior\ReadHtmlCacheBehavior [ RunTime:0.000000s ]
INFO: [ app_begin ] --END-- [ RunTime:0.000000s ]
NOTIC: [2] Missing argument 1 for Sphinx\Sphinx\SphinxClient::SetLimits(), called in D:\WWW\open\Application\Admin\Controller\IndexController.class.php on line 14 and defined D:\WWW\open\Application\Sphinx\Sphinx\SphinxAPI.php 第 691 行.
NOTIC: [2] Missing argument 2 for Sphinx\Sphinx\SphinxClient::SetLimits(), called in D:\WWW\open\Application\Admin\Controller\IndexController.class.php on line 14 and defined D:\WWW\open\Application\Sphinx\Sphinx\SphinxAPI.php 第 691 行.
NOTIC: [8] Undefined variable: offset D:\WWW\open\Application\Sphinx\Sphinx\SphinxAPI.php 第 693 行.
NOTIC: [2] assert(): Assertion failed D:\WWW\open\Application\Sphinx\Sphinx\SphinxAPI.php 第 693 行.
NOTIC: [8] Undefined variable: limit D:\WWW\open\Application\Sphinx\Sphinx\SphinxAPI.php 第 694 行.
NOTIC: [2] assert(): Assertion failed D:\WWW\open\Application\Sphinx\Sphinx\SphinxAPI.php 第 694 行.
NOTIC: [8] Undefined variable: offset D:\WWW\open\Application\Sphinx\Sphinx\SphinxAPI.php 第 695 行.
NOTIC: [8] Undefined variable: limit D:\WWW\open\Application\Sphinx\Sphinx\SphinxAPI.php 第 696 行.
NOTIC: [2] assert(): Assertion failed D:\WWW\open\Application\Sphinx\Sphinx\SphinxAPI.php 第 696 行.
NOTIC: [8] Undefined variable: offset D:\WWW\open\Application\Sphinx\Sphinx\SphinxAPI.php 第 698 行.
NOTIC: [8] Undefined variable: limit D:\WWW\open\Application\Sphinx\Sphinx\SphinxAPI.php 第 699 行.
INFO: [ app_end ] --START--
INFO: Run Behavior\ShowPageTraceBehavior [ RunTime:0.000977s ]
INFO: [ app_end ] --END-- [ RunTime:0.000977s ]

[ 2019-03-29T09:29:30+08:00 ] 127.0.0.1 /Admin/Index/usecenter
INFO: [ app_init ] --START--
INFO: Run Behavior\BuildLiteBehavior [ RunTime:0.000000s ]
INFO: [ app_init ] --END-- [ RunTime:0.000000s ]
INFO: [ app_begin ] --START--
INFO: Run Behavior\ReadHtmlCacheBehavior [ RunTime:0.000000s ]
INFO: [ app_begin ] --END-- [ RunTime:0.000000s ]
NOTIC: [2] Missing argument 1 for Sphinx\Sphinx\SphinxClient::SetLimits(), called in D:\WWW\open\Application\Admin\Controller\IndexController.class.php on line 14 and defined D:\WWW\open\Application\Sphinx\Sphinx\SphinxAPI.php 第 691 行.
NOTIC: [2] Missing argument 2 for Sphinx\Sphinx\SphinxClient::SetLimits(), called in D:\WWW\open\Application\Admin\Controller\IndexController.class.php on line 14 and defined D:\WWW\open\Application\Sphinx\Sphinx\SphinxAPI.php 第 691 行.
NOTIC: [8] Undefined variable: offset D:\WWW\open\Application\Sphinx\Sphinx\SphinxAPI.php 第 693 行.
NOTIC: [2] assert(): Assertion failed D:\WWW\open\Application\Sphinx\Sphinx\SphinxAPI.php 第 693 行.
NOTIC: [8] Undefined variable: limit D:\WWW\open\Application\Sphinx\Sphinx\SphinxAPI.php 第 694 行.
NOTIC: [2] assert(): Assertion failed D:\WWW\open\Application\Sphinx\Sphinx\SphinxAPI.php 第 694 行.
NOTIC: [8] Undefined variable: offset D:\WWW\open\Application\Sphinx\Sphinx\SphinxAPI.php 第 695 行.
NOTIC: [8] Undefined variable: limit D:\WWW\open\Application\Sphinx\Sphinx\SphinxAPI.php 第 696 行.
NOTIC: [2] assert(): Assertion failed D:\WWW\open\Application\Sphinx\Sphinx\SphinxAPI.php 第 696 行.
NOTIC: [8] Undefined variable: offset D:\WWW\open\Application\Sphinx\Sphinx\SphinxAPI.php 第 698 行.
NOTIC: [8] Undefined variable: limit D:\WWW\open\Application\Sphinx\Sphinx\SphinxAPI.php 第 699 行.
INFO: [ app_end ] --START--
INFO: Run Behavior\ShowPageTraceBehavior [ RunTime:0.000976s ]
INFO: [ app_end ] --END-- [ RunTime:0.000976s ]

[ 2019-03-29T09:30:02+08:00 ] 127.0.0.1 /Admin/Index/usecenter
INFO: [ app_init ] --START--
INFO: Run Behavior\BuildLiteBehavior [ RunTime:0.000000s ]
INFO: [ app_init ] --END-- [ RunTime:0.000000s ]
INFO: [ app_begin ] --START--
INFO: Run Behavior\ReadHtmlCacheBehavior [ RunTime:0.000976s ]
INFO: [ app_begin ] --END-- [ RunTime:0.000976s ]
NOTIC: [2] Missing argument 1 for Sphinx\Sphinx\SphinxClient::SetLimits(), called in D:\WWW\open\Application\Admin\Controller\IndexController.class.php on line 15 and defined D:\WWW\open\Application\Sphinx\Sphinx\SphinxAPI.php 第 691 行.
NOTIC: [2] Missing argument 2 for Sphinx\Sphinx\SphinxClient::SetLimits(), called in D:\WWW\open\Application\Admin\Controller\IndexController.class.php on line 15 and defined D:\WWW\open\Application\Sphinx\Sphinx\SphinxAPI.php 第 691 行.
NOTIC: [8] Undefined variable: offset D:\WWW\open\Application\Sphinx\Sphinx\SphinxAPI.php 第 693 行.
NOTIC: [2] assert(): Assertion failed D:\WWW\open\Application\Sphinx\Sphinx\SphinxAPI.php 第 693 行.
NOTIC: [8] Undefined variable: limit D:\WWW\open\Application\Sphinx\Sphinx\SphinxAPI.php 第 694 行.
NOTIC: [2] assert(): Assertion failed D:\WWW\open\Application\Sphinx\Sphinx\SphinxAPI.php 第 694 行.
NOTIC: [8] Undefined variable: offset D:\WWW\open\Application\Sphinx\Sphinx\SphinxAPI.php 第 695 行.
NOTIC: [8] Undefined variable: limit D:\WWW\open\Application\Sphinx\Sphinx\SphinxAPI.php 第 696 行.
NOTIC: [2] assert(): Assertion failed D:\WWW\open\Application\Sphinx\Sphinx\SphinxAPI.php 第 696 行.
NOTIC: [8] Undefined variable: offset D:\WWW\open\Application\Sphinx\Sphinx\SphinxAPI.php 第 698 行.
NOTIC: [8] Undefined variable: limit D:\WWW\open\Application\Sphinx\Sphinx\SphinxAPI.php 第 699 行.
INFO: [ app_end ] --START--
INFO: Run Behavior\ShowPageTraceBehavior [ RunTime:0.000000s ]
INFO: [ app_end ] --END-- [ RunTime:0.000000s ]

[ 2019-03-29T09:30:03+08:00 ] 127.0.0.1 /Admin/Index/usecenter
INFO: [ app_init ] --START--
INFO: Run Behavior\BuildLiteBehavior [ RunTime:0.000000s ]
INFO: [ app_init ] --END-- [ RunTime:0.000000s ]
INFO: [ app_begin ] --START--
INFO: Run Behavior\ReadHtmlCacheBehavior [ RunTime:0.000976s ]
INFO: [ app_begin ] --END-- [ RunTime:0.000976s ]
NOTIC: [2] Missing argument 1 for Sphinx\Sphinx\SphinxClient::SetLimits(), called in D:\WWW\open\Application\Admin\Controller\IndexController.class.php on line 15 and defined D:\WWW\open\Application\Sphinx\Sphinx\SphinxAPI.php 第 691 行.
NOTIC: [2] Missing argument 2 for Sphinx\Sphinx\SphinxClient::SetLimits(), called in D:\WWW\open\Application\Admin\Controller\IndexController.class.php on line 15 and defined D:\WWW\open\Application\Sphinx\Sphinx\SphinxAPI.php 第 691 行.
NOTIC: [8] Undefined variable: offset D:\WWW\open\Application\Sphinx\Sphinx\SphinxAPI.php 第 693 行.
NOTIC: [2] assert(): Assertion failed D:\WWW\open\Application\Sphinx\Sphinx\SphinxAPI.php 第 693 行.
NOTIC: [8] Undefined variable: limit D:\WWW\open\Application\Sphinx\Sphinx\SphinxAPI.php 第 694 行.
NOTIC: [2] assert(): Assertion failed D:\WWW\open\Application\Sphinx\Sphinx\SphinxAPI.php 第 694 行.
NOTIC: [8] Undefined variable: offset D:\WWW\open\Application\Sphinx\Sphinx\SphinxAPI.php 第 695 行.
NOTIC: [8] Undefined variable: limit D:\WWW\open\Application\Sphinx\Sphinx\SphinxAPI.php 第 696 行.
NOTIC: [2] assert(): Assertion failed D:\WWW\open\Application\Sphinx\Sphinx\SphinxAPI.php 第 696 行.
NOTIC: [8] Undefined variable: offset D:\WWW\open\Application\Sphinx\Sphinx\SphinxAPI.php 第 698 行.
NOTIC: [8] Undefined variable: limit D:\WWW\open\Application\Sphinx\Sphinx\SphinxAPI.php 第 699 行.
INFO: [ app_end ] --START--
INFO: Run Behavior\ShowPageTraceBehavior [ RunTime:0.000976s ]
INFO: [ app_end ] --END-- [ RunTime:0.000976s ]

[ 2019-03-29T09:30:16+08:00 ] 127.0.0.1 /Admin/Index/usecenter
INFO: [ app_init ] --START--
INFO: Run Behavior\BuildLiteBehavior [ RunTime:0.000000s ]
INFO: [ app_init ] --END-- [ RunTime:0.000000s ]
INFO: [ app_begin ] --START--
INFO: Run Behavior\ReadHtmlCacheBehavior [ RunTime:0.000000s ]
INFO: [ app_begin ] --END-- [ RunTime:0.000000s ]
INFO: [ app_end ] --START--
INFO: Run Behavior\ShowPageTraceBehavior [ RunTime:0.000977s ]
INFO: [ app_end ] --END-- [ RunTime:0.000977s ]

[ 2019-03-29T09:30:16+08:00 ] 127.0.0.1 /Admin/Index/usecenter
INFO: [ app_init ] --START--
INFO: Run Behavior\BuildLiteBehavior [ RunTime:0.000000s ]
INFO: [ app_init ] --END-- [ RunTime:0.000977s ]
INFO: [ app_begin ] --START--
INFO: Run Behavior\ReadHtmlCacheBehavior [ RunTime:0.000976s ]
INFO: [ app_begin ] --END-- [ RunTime:0.000976s ]
INFO: [ app_end ] --START--
INFO: Run Behavior\ShowPageTraceBehavior [ RunTime:0.000976s ]
INFO: [ app_end ] --END-- [ RunTime:0.000976s ]

[ 2019-03-29T09:30:16+08:00 ] 127.0.0.1 /Admin/Index/usecenter
INFO: [ app_init ] --START--
INFO: Run Behavior\BuildLiteBehavior [ RunTime:0.000000s ]
INFO: [ app_init ] --END-- [ RunTime:0.000977s ]
INFO: [ app_begin ] --START--
INFO: Run Behavior\ReadHtmlCacheBehavior [ RunTime:0.000977s ]
INFO: [ app_begin ] --END-- [ RunTime:0.000977s ]
INFO: [ app_end ] --START--
INFO: Run Behavior\ShowPageTraceBehavior [ RunTime:0.000000s ]
INFO: [ app_end ] --END-- [ RunTime:0.000000s ]

[ 2019-03-29T09:30:17+08:00 ] 127.0.0.1 /Admin/Index/usecenter
INFO: [ app_init ] --START--
INFO: Run Behavior\BuildLiteBehavior [ RunTime:0.000000s ]
INFO: [ app_init ] --END-- [ RunTime:0.000977s ]
INFO: [ app_begin ] --START--
INFO: Run Behavior\ReadHtmlCacheBehavior [ RunTime:0.000976s ]
INFO: [ app_begin ] --END-- [ RunTime:0.000976s ]
INFO: [ app_end ] --START--
INFO: Run Behavior\ShowPageTraceBehavior [ RunTime:0.000977s ]
INFO: [ app_end ] --END-- [ RunTime:0.000977s ]

[ 2019-03-29T09:30:17+08:00 ] 127.0.0.1 /Admin/Index/usecenter
INFO: [ app_init ] --START--
INFO: Run Behavior\BuildLiteBehavior [ RunTime:0.000000s ]
INFO: [ app_init ] --END-- [ RunTime:0.000000s ]
INFO: [ app_begin ] --START--
INFO: Run Behavior\ReadHtmlCacheBehavior [ RunTime:0.000000s ]
INFO: [ app_begin ] --END-- [ RunTime:0.000000s ]
INFO: [ app_end ] --START--
INFO: Run Behavior\ShowPageTraceBehavior [ RunTime:0.000000s ]
INFO: [ app_end ] --END-- [ RunTime:0.000977s ]

[ 2019-03-29T09:30:17+08:00 ] 127.0.0.1 /Admin/Index/usecenter
INFO: [ app_init ] --START--
INFO: Run Behavior\BuildLiteBehavior [ RunTime:0.000000s ]
INFO: [ app_init ] --END-- [ RunTime:0.000000s ]
INFO: [ app_begin ] --START--
INFO: Run Behavior\ReadHtmlCacheBehavior [ RunTime:0.000976s ]
INFO: [ app_begin ] --END-- [ RunTime:0.000976s ]
INFO: [ app_end ] --START--
INFO: Run Behavior\ShowPageTraceBehavior [ RunTime:0.000977s ]
INFO: [ app_end ] --END-- [ RunTime:0.000977s ]

[ 2019-03-29T09:30:25+08:00 ] 127.0.0.1 /Admin/Index/usecenter
INFO: [ app_init ] --START--
INFO: Run Behavior\BuildLiteBehavior [ RunTime:0.000000s ]
INFO: [ app_init ] --END-- [ RunTime:0.000000s ]
INFO: [ app_begin ] --START--
INFO: Run Behavior\ReadHtmlCacheBehavior [ RunTime:0.000976s ]
INFO: [ app_begin ] --END-- [ RunTime:0.000976s ]
INFO: [ app_end ] --START--
INFO: Run Behavior\ShowPageTraceBehavior [ RunTime:0.000977s ]
INFO: [ app_end ] --END-- [ RunTime:0.000977s ]

[ 2019-03-29T09:30:25+08:00 ] 127.0.0.1 /Admin/Index/usecenter
INFO: [ app_init ] --START--
INFO: Run Behavior\BuildLiteBehavior [ RunTime:0.000000s ]
INFO: [ app_init ] --END-- [ RunTime:0.000976s ]
INFO: [ app_begin ] --START--
INFO: Run Behavior\ReadHtmlCacheBehavior [ RunTime:0.000000s ]
INFO: [ app_begin ] --END-- [ RunTime:0.000000s ]
INFO: [ app_end ] --START--
INFO: Run Behavior\ShowPageTraceBehavior [ RunTime:0.000976s ]
INFO: [ app_end ] --END-- [ RunTime:0.000976s ]

[ 2019-03-29T09:30:25+08:00 ] 127.0.0.1 /Admin/Index/usecenter
INFO: [ app_init ] --START--
INFO: Run Behavior\BuildLiteBehavior [ RunTime:0.000000s ]
INFO: [ app_init ] --END-- [ RunTime:0.000000s ]
INFO: [ app_begin ] --START--
INFO: Run Behavior\ReadHtmlCacheBehavior [ RunTime:0.000976s ]
INFO: [ app_begin ] --END-- [ RunTime:0.000976s ]
INFO: [ app_end ] --START--
INFO: Run Behavior\ShowPageTraceBehavior [ RunTime:0.000977s ]
INFO: [ app_end ] --END-- [ RunTime:0.000977s ]

[ 2019-03-29T09:30:26+08:00 ] 127.0.0.1 /Admin/Index/usecenter
INFO: [ app_init ] --START--
INFO: Run Behavior\BuildLiteBehavior [ RunTime:0.000000s ]
INFO: [ app_init ] --END-- [ RunTime:0.000977s ]
INFO: [ app_begin ] --START--
INFO: Run Behavior\ReadHtmlCacheBehavior [ RunTime:0.000976s ]
INFO: [ app_begin ] --END-- [ RunTime:0.000976s ]
INFO: [ app_end ] --START--
INFO: Run Behavior\ShowPageTraceBehavior [ RunTime:0.000976s ]
INFO: [ app_end ] --END-- [ RunTime:0.000976s ]

[ 2019-03-29T09:30:26+08:00 ] 127.0.0.1 /Admin/Index/usecenter
INFO: [ app_init ] --START--
INFO: Run Behavior\BuildLiteBehavior [ RunTime:0.000000s ]
INFO: [ app_init ] --END-- [ RunTime:0.000000s ]
INFO: [ app_begin ] --START--
INFO: Run Behavior\ReadHtmlCacheBehavior [ RunTime:0.000000s ]
INFO: [ app_begin ] --END-- [ RunTime:0.000000s ]
INFO: [ app_end ] --START--
INFO: Run Behavior\ShowPageTraceBehavior [ RunTime:0.000977s ]
INFO: [ app_end ] --END-- [ RunTime:0.000977s ]

[ 2019-03-29T09:30:41+08:00 ] 127.0.0.1 /Admin/Index/usecenter
INFO: [ app_init ] --START--
INFO: Run Behavior\BuildLiteBehavior [ RunTime:0.000000s ]
INFO: [ app_init ] --END-- [ RunTime:0.000000s ]
INFO: [ app_begin ] --START--
INFO: Run Behavior\ReadHtmlCacheBehavior [ RunTime:0.000976s ]
INFO: [ app_begin ] --END-- [ RunTime:0.000976s ]
INFO: [ app_end ] --START--
INFO: Run Behavior\ShowPageTraceBehavior [ RunTime:0.000000s ]
INFO: [ app_end ] --END-- [ RunTime:0.000000s ]

[ 2019-03-29T09:30:42+08:00 ] 127.0.0.1 /Admin/Index/usecenter
INFO: [ app_init ] --START--
INFO: Run Behavior\BuildLiteBehavior [ RunTime:0.000000s ]
INFO: [ app_init ] --END-- [ RunTime:0.000977s ]
INFO: [ app_begin ] --START--
INFO: Run Behavior\ReadHtmlCacheBehavior [ RunTime:0.000976s ]
INFO: [ app_begin ] --END-- [ RunTime:0.000976s ]
INFO: [ app_end ] --START--
INFO: Run Behavior\ShowPageTraceBehavior [ RunTime:0.000000s ]
INFO: [ app_end ] --END-- [ RunTime:0.000000s ]

[ 2019-03-29T09:30:42+08:00 ] 127.0.0.1 /Admin/Index/usecenter
INFO: [ app_init ] --START--
INFO: Run Behavior\BuildLiteBehavior [ RunTime:0.000000s ]
INFO: [ app_init ] --END-- [ RunTime:0.000977s ]
INFO: [ app_begin ] --START--
INFO: Run Behavior\ReadHtmlCacheBehavior [ RunTime:0.000976s ]
INFO: [ app_begin ] --END-- [ RunTime:0.000976s ]
INFO: [ app_end ] --START--
INFO: Run Behavior\ShowPageTraceBehavior [ RunTime:0.000000s ]
INFO: [ app_end ] --END-- [ RunTime:0.000000s ]

[ 2019-03-29T09:31:04+08:00 ] 127.0.0.1 /Admin/Index/usecenter
INFO: [ app_init ] --START--
INFO: Run Behavior\BuildLiteBehavior [ RunTime:0.000000s ]
INFO: [ app_init ] --END-- [ RunTime:0.000977s ]
INFO: [ app_begin ] --START--
INFO: Run Behavior\ReadHtmlCacheBehavior [ RunTime:0.000000s ]
INFO: [ app_begin ] --END-- [ RunTime:0.000976s ]
NOTIC: [8] Undefined variable: offset D:\WWW\open\Application\Admin\Controller\IndexController.class.php 第 15 行.
NOTIC: [2] assert(): Assertion failed D:\WWW\open\Application\Sphinx\Sphinx\SphinxAPI.php 第 693 行.
INFO: [ app_end ] --START--
INFO: Run Behavior\ShowPageTraceBehavior [ RunTime:0.000976s ]
INFO: [ app_end ] --END-- [ RunTime:0.000976s ]

[ 2019-03-29T09:31:04+08:00 ] 127.0.0.1 /Admin/Index/usecenter
INFO: [ app_init ] --START--
INFO: Run Behavior\BuildLiteBehavior [ RunTime:0.000000s ]
INFO: [ app_init ] --END-- [ RunTime:0.000000s ]
INFO: [ app_begin ] --START--
INFO: Run Behavior\ReadHtmlCacheBehavior [ RunTime:0.000977s ]
INFO: [ app_begin ] --END-- [ RunTime:0.000977s ]
NOTIC: [8] Undefined variable: offset D:\WWW\open\Application\Admin\Controller\IndexController.class.php 第 15 行.
NOTIC: [2] assert(): Assertion failed D:\WWW\open\Application\Sphinx\Sphinx\SphinxAPI.php 第 693 行.
INFO: [ app_end ] --START--
INFO: Run Behavior\ShowPageTraceBehavior [ RunTime:0.000977s ]
INFO: [ app_end ] --END-- [ RunTime:0.000977s ]

[ 2019-03-29T09:31:04+08:00 ] 127.0.0.1 /Admin/Index/usecenter
INFO: [ app_init ] --START--
INFO: Run Behavior\BuildLiteBehavior [ RunTime:0.000000s ]
INFO: [ app_init ] --END-- [ RunTime:0.000000s ]
INFO: [ app_begin ] --START--
INFO: Run Behavior\ReadHtmlCacheBehavior [ RunTime:0.000977s ]
INFO: [ app_begin ] --END-- [ RunTime:0.000977s ]
NOTIC: [8] Undefined variable: offset D:\WWW\open\Application\Admin\Controller\IndexController.class.php 第 15 行.
NOTIC: [2] assert(): Assertion failed D:\WWW\open\Application\Sphinx\Sphinx\SphinxAPI.php 第 693 行.
INFO: [ app_end ] --START--
INFO: Run Behavior\ShowPageTraceBehavior [ RunTime:0.000000s ]
INFO: [ app_end ] --END-- [ RunTime:0.000977s ]

[ 2019-03-29T19:10:38+08:00 ] 127.0.0.1 /Admin/Index/usecenter
INFO: [ app_init ] --START--
INFO: Run Behavior\BuildLiteBehavior [ RunTime:0.000000s ]
INFO: [ app_init ] --END-- [ RunTime:0.000977s ]
INFO: [ app_begin ] --START--
INFO: Run Behavior\ReadHtmlCacheBehavior [ RunTime:0.000000s ]
INFO: [ app_begin ] --END-- [ RunTime:0.000000s ]
NOTIC: [2] Missing argument 1 for Sphinx\Sphinx\SphinxClient::SetLimits(), called in D:\WWW\open\Application\Admin\Controller\IndexController.class.php on line 11 and defined D:\WWW\open\Application\Sphinx\Sphinx\SphinxAPI.php 第 691 行.
NOTIC: [2] Missing argument 2 for Sphinx\Sphinx\SphinxClient::SetLimits(), called in D:\WWW\open\Application\Admin\Controller\IndexController.class.php on line 11 and defined D:\WWW\open\Application\Sphinx\Sphinx\SphinxAPI.php 第 691 行.
NOTIC: [8] Undefined variable: offset D:\WWW\open\Application\Sphinx\Sphinx\SphinxAPI.php 第 693 行.
NOTIC: [2] assert(): Assertion failed D:\WWW\open\Application\Sphinx\Sphinx\SphinxAPI.php 第 693 行.
NOTIC: [8] Undefined variable: limit D:\WWW\open\Application\Sphinx\Sphinx\SphinxAPI.php 第 694 行.
NOTIC: [2] assert(): Assertion failed D:\WWW\open\Application\Sphinx\Sphinx\SphinxAPI.php 第 694 行.
NOTIC: [8] Undefined variable: offset D:\WWW\open\Application\Sphinx\Sphinx\SphinxAPI.php 第 695 行.
NOTIC: [8] Undefined variable: limit D:\WWW\open\Application\Sphinx\Sphinx\SphinxAPI.php 第 696 行.
NOTIC: [2] assert(): Assertion failed D:\WWW\open\Application\Sphinx\Sphinx\SphinxAPI.php 第 696 行.
NOTIC: [8] Undefined variable: offset D:\WWW\open\Application\Sphinx\Sphinx\SphinxAPI.php 第 698 行.
NOTIC: [8] Undefined variable: limit D:\WWW\open\Application\Sphinx\Sphinx\SphinxAPI.php 第 699 行.
INFO: [ app_end ] --START--
INFO: Run Behavior\ShowPageTraceBehavior [ RunTime:0.001953s ]
INFO: [ app_end ] --END-- [ RunTime:0.001953s ]

